{"/home/mcecilialuna/Escritorio/PROMPT-ENGINEERING/procrastinant-app/.eslintrc.cjs": {"path":"/home/mcecilialuna/Escritorio/PROMPT-ENGINEERING/procrastinant-app/.eslintrc.cjs","all":true,"statementMap":{"0":{"start":{"line":1,"column":0},"end":{"line":1,"column":18}},"1":{"start":{"line":2,"column":0},"end":{"line":2,"column":8}},"2":{"start":{"line":3,"column":0},"end":{"line":3,"column":18}},"3":{"start":{"line":4,"column":0},"end":{"line":4,"column":17}},"4":{"start":{"line":5,"column":0},"end":{"line":5,"column":15}},"5":{"start":{"line":6,"column":0},"end":{"line":6,"column":4}},"6":{"start":{"line":7,"column":0},"end":{"line":7,"column":98}},"7":{"start":{"line":8,"column":0},"end":{"line":8,"column":18}},"8":{"start":{"line":9,"column":0},"end":{"line":9,"column":26}},"9":{"start":{"line":10,"column":0},"end":{"line":10,"column":25}},"10":{"start":{"line":11,"column":0},"end":{"line":11,"column":19}},"11":{"start":{"line":12,"column":0},"end":{"line":12,"column":16}},"12":{"start":{"line":13,"column":0},"end":{"line":13,"column":6}},"13":{"start":{"line":14,"column":0},"end":{"line":14,"column":4}},"14":{"start":{"line":15,"column":0},"end":{"line":15,"column":53}},"15":{"start":{"line":16,"column":0},"end":{"line":16,"column":13}},"16":{"start":{"line":17,"column":0},"end":{"line":17,"column":12}},"17":{"start":{"line":18,"column":0},"end":{"line":18,"column":22}},"18":{"start":{"line":19,"column":0},"end":{"line":19,"column":6}},"19":{"start":{"line":20,"column":0},"end":{"line":20,"column":4}},"20":{"start":{"line":21,"column":0},"end":{"line":21,"column":10}},"21":{"start":{"line":22,"column":0},"end":{"line":22,"column":38}},"22":{"start":{"line":23,"column":0},"end":{"line":23,"column":30}},"23":{"start":{"line":24,"column":0},"end":{"line":24,"column":82}},"24":{"start":{"line":25,"column":0},"end":{"line":25,"column":16}},"25":{"start":{"line":26,"column":0},"end":{"line":26,"column":14}},"26":{"start":{"line":27,"column":0},"end":{"line":27,"column":7}},"27":{"start":{"line":28,"column":0},"end":{"line":28,"column":18}},"28":{"start":{"line":29,"column":0},"end":{"line":29,"column":25}},"29":{"start":{"line":30,"column":0},"end":{"line":30,"column":28}},"30":{"start":{"line":31,"column":0},"end":{"line":31,"column":37}},"31":{"start":{"line":32,"column":0},"end":{"line":32,"column":8}},"32":{"start":{"line":33,"column":0},"end":{"line":33,"column":6}},"33":{"start":{"line":34,"column":0},"end":{"line":34,"column":27}},"34":{"start":{"line":35,"column":0},"end":{"line":35,"column":25}},"35":{"start":{"line":36,"column":0},"end":{"line":36,"column":25}},"36":{"start":{"line":37,"column":0},"end":{"line":37,"column":47}},"37":{"start":{"line":38,"column":0},"end":{"line":38,"column":50}},"38":{"start":{"line":39,"column":0},"end":{"line":39,"column":4}},"39":{"start":{"line":40,"column":0},"end":{"line":40,"column":1}}},"s":{"0":0,"1":0,"2":0,"3":0,"4":0,"5":0,"6":0,"7":0,"8":0,"9":0,"10":0,"11":0,"12":0,"13":0,"14":0,"15":0,"16":0,"17":0,"18":0,"19":0,"20":0,"21":0,"22":0,"23":0,"24":0,"25":0,"26":0,"27":0,"28":0,"29":0,"30":0,"31":0,"32":0,"33":0,"34":0,"35":0,"36":0,"37":0,"38":0,"39":0},"branchMap":{"0":{"type":"branch","line":1,"loc":{"start":{"line":1,"column":939},"end":{"line":40,"column":1}},"locations":[{"start":{"line":1,"column":939},"end":{"line":40,"column":1}}]}},"b":{"0":[0]},"fnMap":{"0":{"name":"(empty-report)","decl":{"start":{"line":1,"column":939},"end":{"line":40,"column":1}},"loc":{"start":{"line":1,"column":939},"end":{"line":40,"column":1}},"line":1}},"f":{"0":0}}
,"/home/mcecilialuna/Escritorio/PROMPT-ENGINEERING/procrastinant-app/src/App.jsx": {"path":"/home/mcecilialuna/Escritorio/PROMPT-ENGINEERING/procrastinant-app/src/App.jsx","all":true,"statementMap":{"0":{"start":{"line":1,"column":0},"end":{"line":1,"column":41}},"1":{"start":{"line":2,"column":0},"end":{"line":2,"column":46}},"2":{"start":{"line":3,"column":0},"end":{"line":3,"column":39}},"3":{"start":{"line":4,"column":0},"end":{"line":4,"column":34}},"4":{"start":{"line":5,"column":0},"end":{"line":5,"column":43}},"5":{"start":{"line":6,"column":0},"end":{"line":6,"column":47}},"6":{"start":{"line":7,"column":0},"end":{"line":7,"column":72}},"8":{"start":{"line":9,"column":0},"end":{"line":9,"column":16}},"9":{"start":{"line":10,"column":0},"end":{"line":10,"column":34}},"10":{"start":{"line":11,"column":0},"end":{"line":11,"column":42}},"11":{"start":{"line":12,"column":0},"end":{"line":12,"column":60}},"13":{"start":{"line":14,"column":0},"end":{"line":14,"column":19}},"14":{"start":{"line":15,"column":0},"end":{"line":15,"column":35}},"15":{"start":{"line":16,"column":0},"end":{"line":16,"column":11}},"16":{"start":{"line":17,"column":0},"end":{"line":17,"column":41}},"18":{"start":{"line":19,"column":0},"end":{"line":19,"column":82}},"19":{"start":{"line":20,"column":0},"end":{"line":20,"column":35}},"20":{"start":{"line":21,"column":0},"end":{"line":21,"column":16}},"21":{"start":{"line":22,"column":0},"end":{"line":22,"column":18}},"22":{"start":{"line":23,"column":0},"end":{"line":23,"column":9}},"23":{"start":{"line":24,"column":0},"end":{"line":24,"column":23}},"24":{"start":{"line":25,"column":0},"end":{"line":25,"column":71}},"25":{"start":{"line":26,"column":0},"end":{"line":26,"column":16}},"26":{"start":{"line":27,"column":0},"end":{"line":27,"column":17}},"27":{"start":{"line":28,"column":0},"end":{"line":28,"column":32}},"28":{"start":{"line":29,"column":0},"end":{"line":29,"column":7}},"29":{"start":{"line":30,"column":0},"end":{"line":30,"column":5}},"31":{"start":{"line":32,"column":0},"end":{"line":32,"column":15}},"32":{"start":{"line":33,"column":0},"end":{"line":33,"column":23}},"34":{"start":{"line":35,"column":0},"end":{"line":35,"column":23}},"35":{"start":{"line":36,"column":0},"end":{"line":36,"column":12}},"36":{"start":{"line":37,"column":0},"end":{"line":37,"column":98}},"37":{"start":{"line":38,"column":0},"end":{"line":38,"column":58}},"38":{"start":{"line":39,"column":0},"end":{"line":39,"column":62}},"39":{"start":{"line":40,"column":0},"end":{"line":40,"column":12}},"41":{"start":{"line":42,"column":0},"end":{"line":42,"column":3}},"43":{"start":{"line":44,"column":0},"end":{"line":44,"column":10}},"44":{"start":{"line":45,"column":0},"end":{"line":45,"column":19}},"45":{"start":{"line":46,"column":0},"end":{"line":46,"column":21}},"46":{"start":{"line":47,"column":0},"end":{"line":47,"column":98}},"47":{"start":{"line":48,"column":0},"end":{"line":48,"column":60}},"48":{"start":{"line":49,"column":0},"end":{"line":49,"column":64}},"49":{"start":{"line":50,"column":0},"end":{"line":50,"column":14}},"51":{"start":{"line":52,"column":0},"end":{"line":52,"column":14}},"52":{"start":{"line":53,"column":0},"end":{"line":53,"column":29}},"53":{"start":{"line":54,"column":0},"end":{"line":54,"column":28}},"54":{"start":{"line":55,"column":0},"end":{"line":55,"column":23}},"55":{"start":{"line":56,"column":0},"end":{"line":56,"column":25}},"56":{"start":{"line":57,"column":0},"end":{"line":57,"column":18}},"57":{"start":{"line":58,"column":0},"end":{"line":58,"column":45}},"58":{"start":{"line":59,"column":0},"end":{"line":59,"column":39}},"59":{"start":{"line":60,"column":0},"end":{"line":60,"column":29}},"60":{"start":{"line":61,"column":0},"end":{"line":61,"column":34}},"61":{"start":{"line":62,"column":0},"end":{"line":62,"column":12}},"62":{"start":{"line":63,"column":0},"end":{"line":63,"column":20}},"63":{"start":{"line":64,"column":0},"end":{"line":64,"column":24}},"64":{"start":{"line":65,"column":0},"end":{"line":65,"column":44}},"65":{"start":{"line":66,"column":0},"end":{"line":66,"column":46}},"66":{"start":{"line":67,"column":0},"end":{"line":67,"column":14}},"67":{"start":{"line":68,"column":0},"end":{"line":68,"column":12}},"68":{"start":{"line":69,"column":0},"end":{"line":69,"column":18}},"69":{"start":{"line":70,"column":0},"end":{"line":70,"column":24}},"70":{"start":{"line":71,"column":0},"end":{"line":71,"column":33}},"71":{"start":{"line":72,"column":0},"end":{"line":72,"column":32}},"72":{"start":{"line":73,"column":0},"end":{"line":73,"column":14}},"73":{"start":{"line":74,"column":0},"end":{"line":74,"column":12}},"74":{"start":{"line":75,"column":0},"end":{"line":75,"column":10}},"75":{"start":{"line":76,"column":0},"end":{"line":76,"column":8}},"76":{"start":{"line":77,"column":0},"end":{"line":77,"column":19}},"77":{"start":{"line":78,"column":0},"end":{"line":78,"column":20}},"79":{"start":{"line":80,"column":0},"end":{"line":80,"column":1}},"81":{"start":{"line":82,"column":0},"end":{"line":82,"column":18}}},"s":{"0":0,"1":0,"2":0,"3":0,"4":0,"5":0,"6":0,"8":0,"9":0,"10":0,"11":0,"13":0,"14":0,"15":0,"16":0,"18":0,"19":0,"20":0,"21":0,"22":0,"23":0,"24":0,"25":0,"26":0,"27":0,"28":0,"29":0,"31":0,"32":0,"34":0,"35":0,"36":0,"37":0,"38":0,"39":0,"41":0,"43":0,"44":0,"45":0,"46":0,"47":0,"48":0,"49":0,"51":0,"52":0,"53":0,"54":0,"55":0,"56":0,"57":0,"58":0,"59":0,"60":0,"61":0,"62":0,"63":0,"64":0,"65":0,"66":0,"67":0,"68":0,"69":0,"70":0,"71":0,"72":0,"73":0,"74":0,"75":0,"76":0,"77":0,"79":0,"81":0},"branchMap":{"0":{"type":"branch","line":1,"loc":{"start":{"line":1,"column":2265},"end":{"line":82,"column":18}},"locations":[{"start":{"line":1,"column":2265},"end":{"line":82,"column":18}}]}},"b":{"0":[0]},"fnMap":{"0":{"name":"(empty-report)","decl":{"start":{"line":1,"column":2265},"end":{"line":82,"column":18}},"loc":{"start":{"line":1,"column":2265},"end":{"line":82,"column":18}},"line":1}},"f":{"0":0}}
,"/home/mcecilialuna/Escritorio/PROMPT-ENGINEERING/procrastinant-app/src/config/axios.js": {"path":"/home/mcecilialuna/Escritorio/PROMPT-ENGINEERING/procrastinant-app/src/config/axios.js","all":false,"statementMap":{"0":{"start":{"line":1,"column":0},"end":{"line":1,"column":48}},"1":{"start":{"line":2,"column":0},"end":{"line":2,"column":53}},"2":{"start":{"line":3,"column":0},"end":{"line":3,"column":49}},"3":{"start":{"line":4,"column":0},"end":{"line":4,"column":47}},"5":{"start":{"line":6,"column":0},"end":{"line":6,"column":32}},"6":{"start":{"line":7,"column":0},"end":{"line":7,"column":24}},"7":{"start":{"line":8,"column":0},"end":{"line":8,"column":17}},"8":{"start":{"line":9,"column":0},"end":{"line":9,"column":24}},"9":{"start":{"line":10,"column":0},"end":{"line":10,"column":12}},"10":{"start":{"line":11,"column":0},"end":{"line":11,"column":39}},"11":{"start":{"line":12,"column":0},"end":{"line":12,"column":4}},"12":{"start":{"line":13,"column":0},"end":{"line":13,"column":2}},"14":{"start":{"line":15,"column":0},"end":{"line":15,"column":35}},"15":{"start":{"line":16,"column":0},"end":{"line":16,"column":15}},"16":{"start":{"line":17,"column":0},"end":{"line":17,"column":42}},"17":{"start":{"line":18,"column":0},"end":{"line":18,"column":17}},"18":{"start":{"line":19,"column":0},"end":{"line":19,"column":4}},"19":{"start":{"line":20,"column":0},"end":{"line":20,"column":14}},"20":{"start":{"line":21,"column":0},"end":{"line":21,"column":43}},"21":{"start":{"line":22,"column":0},"end":{"line":22,"column":32}},"22":{"start":{"line":23,"column":0},"end":{"line":23,"column":4}},"23":{"start":{"line":24,"column":0},"end":{"line":24,"column":1}},"25":{"start":{"line":26,"column":0},"end":{"line":26,"column":36}},"26":{"start":{"line":27,"column":0},"end":{"line":27,"column":17}},"27":{"start":{"line":28,"column":0},"end":{"line":28,"column":43}},"28":{"start":{"line":29,"column":0},"end":{"line":29,"column":19}},"29":{"start":{"line":30,"column":0},"end":{"line":30,"column":4}},"30":{"start":{"line":31,"column":0},"end":{"line":31,"column":14}},"31":{"start":{"line":32,"column":0},"end":{"line":32,"column":43}},"32":{"start":{"line":33,"column":0},"end":{"line":33,"column":25}},"33":{"start":{"line":34,"column":0},"end":{"line":34,"column":28}},"34":{"start":{"line":35,"column":0},"end":{"line":35,"column":99}},"36":{"start":{"line":37,"column":0},"end":{"line":37,"column":82}},"38":{"start":{"line":39,"column":0},"end":{"line":39,"column":84}},"40":{"start":{"line":41,"column":0},"end":{"line":41,"column":38}},"41":{"start":{"line":42,"column":0},"end":{"line":42,"column":15}},"42":{"start":{"line":43,"column":0},"end":{"line":43,"column":87}},"43":{"start":{"line":44,"column":0},"end":{"line":44,"column":59}},"44":{"start":{"line":45,"column":0},"end":{"line":45,"column":42}},"45":{"start":{"line":46,"column":0},"end":{"line":46,"column":9}},"46":{"start":{"line":47,"column":0},"end":{"line":47,"column":13}},"48":{"start":{"line":49,"column":0},"end":{"line":49,"column":15}},"49":{"start":{"line":50,"column":0},"end":{"line":50,"column":60}},"50":{"start":{"line":51,"column":0},"end":{"line":51,"column":13}},"52":{"start":{"line":53,"column":0},"end":{"line":53,"column":15}},"53":{"start":{"line":54,"column":0},"end":{"line":54,"column":46}},"54":{"start":{"line":55,"column":0},"end":{"line":55,"column":13}},"56":{"start":{"line":57,"column":0},"end":{"line":57,"column":15}},"57":{"start":{"line":58,"column":0},"end":{"line":58,"column":77}},"58":{"start":{"line":59,"column":0},"end":{"line":59,"column":13}},"60":{"start":{"line":61,"column":0},"end":{"line":61,"column":15}},"61":{"start":{"line":62,"column":0},"end":{"line":62,"column":73}},"62":{"start":{"line":63,"column":0},"end":{"line":63,"column":13}},"64":{"start":{"line":65,"column":0},"end":{"line":65,"column":14}},"65":{"start":{"line":66,"column":0},"end":{"line":66,"column":22}},"66":{"start":{"line":67,"column":0},"end":{"line":67,"column":34}},"67":{"start":{"line":68,"column":0},"end":{"line":68,"column":62}},"68":{"start":{"line":69,"column":0},"end":{"line":69,"column":9}},"69":{"start":{"line":70,"column":0},"end":{"line":70,"column":7}},"70":{"start":{"line":71,"column":0},"end":{"line":71,"column":31}},"71":{"start":{"line":72,"column":0},"end":{"line":72,"column":85}},"72":{"start":{"line":73,"column":0},"end":{"line":73,"column":12}},"73":{"start":{"line":74,"column":0},"end":{"line":74,"column":70}},"74":{"start":{"line":75,"column":0},"end":{"line":75,"column":5}},"76":{"start":{"line":77,"column":0},"end":{"line":77,"column":32}},"77":{"start":{"line":78,"column":0},"end":{"line":78,"column":4}},"78":{"start":{"line":79,"column":0},"end":{"line":79,"column":1}},"80":{"start":{"line":81,"column":0},"end":{"line":81,"column":24}}},"s":{"0":1,"1":1,"2":1,"3":1,"5":1,"6":1,"7":1,"8":1,"9":1,"10":1,"11":1,"12":1,"14":1,"15":1,"16":0,"17":0,"18":1,"19":1,"20":0,"21":0,"22":1,"23":1,"25":1,"26":1,"27":0,"28":0,"29":1,"30":1,"31":0,"32":0,"33":0,"34":0,"36":0,"38":0,"40":0,"41":0,"42":0,"43":0,"44":0,"45":0,"46":0,"48":0,"49":0,"50":0,"52":0,"53":0,"54":0,"56":0,"57":0,"58":0,"60":0,"61":0,"62":0,"64":0,"65":0,"66":0,"67":0,"68":0,"69":0,"70":0,"71":0,"72":0,"73":0,"74":0,"76":0,"77":1,"78":1,"80":1},"branchMap":{},"b":{},"fnMap":{},"f":{}}
,"/home/mcecilialuna/Escritorio/PROMPT-ENGINEERING/procrastinant-app/src/config/constants.js": {"path":"/home/mcecilialuna/Escritorio/PROMPT-ENGINEERING/procrastinant-app/src/config/constants.js","all":false,"statementMap":{"0":{"start":{"line":1,"column":0},"end":{"line":1,"column":34}},"1":{"start":{"line":2,"column":0},"end":{"line":2,"column":41}},"3":{"start":{"line":4,"column":0},"end":{"line":4,"column":36}},"4":{"start":{"line":5,"column":0},"end":{"line":5,"column":38}},"5":{"start":{"line":6,"column":0},"end":{"line":6,"column":35}},"6":{"start":{"line":7,"column":0},"end":{"line":7,"column":62}},"7":{"start":{"line":8,"column":0},"end":{"line":8,"column":59}},"8":{"start":{"line":9,"column":0},"end":{"line":9,"column":88}},"9":{"start":{"line":10,"column":0},"end":{"line":10,"column":48}},"10":{"start":{"line":11,"column":0},"end":{"line":11,"column":41}},"11":{"start":{"line":12,"column":0},"end":{"line":12,"column":52}},"12":{"start":{"line":13,"column":0},"end":{"line":13,"column":1}},"14":{"start":{"line":15,"column":0},"end":{"line":15,"column":28}},"15":{"start":{"line":16,"column":0},"end":{"line":16,"column":21}},"16":{"start":{"line":17,"column":0},"end":{"line":17,"column":17}},"17":{"start":{"line":18,"column":0},"end":{"line":18,"column":15}},"18":{"start":{"line":19,"column":0},"end":{"line":19,"column":21}},"19":{"start":{"line":20,"column":0},"end":{"line":20,"column":1}},"21":{"start":{"line":22,"column":0},"end":{"line":22,"column":30}},"22":{"start":{"line":23,"column":0},"end":{"line":23,"column":23}},"23":{"start":{"line":24,"column":0},"end":{"line":24,"column":29}},"24":{"start":{"line":25,"column":0},"end":{"line":25,"column":25}},"26":{"start":{"line":27,"column":0},"end":{"line":27,"column":24}},"27":{"start":{"line":28,"column":0},"end":{"line":28,"column":26}},"28":{"start":{"line":29,"column":0},"end":{"line":29,"column":40}},"29":{"start":{"line":30,"column":0},"end":{"line":30,"column":47}},"30":{"start":{"line":31,"column":0},"end":{"line":31,"column":40}},"31":{"start":{"line":32,"column":0},"end":{"line":32,"column":36}},"33":{"start":{"line":34,"column":0},"end":{"line":34,"column":31}},"34":{"start":{"line":35,"column":0},"end":{"line":35,"column":34}},"35":{"start":{"line":36,"column":0},"end":{"line":36,"column":36}},"36":{"start":{"line":37,"column":0},"end":{"line":37,"column":34}},"37":{"start":{"line":38,"column":0},"end":{"line":38,"column":30}},"39":{"start":{"line":40,"column":0},"end":{"line":40,"column":26}},"40":{"start":{"line":41,"column":0},"end":{"line":41,"column":1}},"42":{"start":{"line":43,"column":0},"end":{"line":43,"column":36}},"43":{"start":{"line":44,"column":0},"end":{"line":44,"column":52}},"44":{"start":{"line":45,"column":0},"end":{"line":45,"column":41}},"45":{"start":{"line":46,"column":0},"end":{"line":46,"column":44}},"46":{"start":{"line":47,"column":0},"end":{"line":47,"column":33}},"47":{"start":{"line":48,"column":0},"end":{"line":48,"column":1}},"49":{"start":{"line":50,"column":0},"end":{"line":50,"column":42}},"50":{"start":{"line":51,"column":0},"end":{"line":51,"column":20}},"51":{"start":{"line":52,"column":0},"end":{"line":52,"column":22}},"52":{"start":{"line":53,"column":0},"end":{"line":53,"column":24}},"53":{"start":{"line":54,"column":0},"end":{"line":54,"column":20}},"54":{"start":{"line":55,"column":0},"end":{"line":55,"column":24}},"55":{"start":{"line":56,"column":0},"end":{"line":56,"column":1}},"57":{"start":{"line":58,"column":0},"end":{"line":58,"column":44}},"58":{"start":{"line":59,"column":0},"end":{"line":59,"column":65}},"59":{"start":{"line":60,"column":0},"end":{"line":60,"column":66}},"60":{"start":{"line":61,"column":0},"end":{"line":61,"column":70}},"61":{"start":{"line":62,"column":0},"end":{"line":62,"column":54}},"62":{"start":{"line":63,"column":0},"end":{"line":63,"column":45}},"63":{"start":{"line":64,"column":0},"end":{"line":64,"column":29}},"64":{"start":{"line":65,"column":0},"end":{"line":65,"column":30}},"65":{"start":{"line":66,"column":0},"end":{"line":66,"column":1}}},"s":{"0":1,"1":1,"3":1,"4":1,"5":1,"6":1,"7":1,"8":1,"9":1,"10":1,"11":1,"12":1,"14":1,"15":1,"16":1,"17":1,"18":1,"19":1,"21":1,"22":1,"23":1,"24":1,"26":1,"27":1,"28":1,"29":1,"30":1,"31":1,"33":1,"34":1,"35":1,"36":1,"37":1,"39":1,"40":1,"42":1,"43":1,"44":1,"45":1,"46":1,"47":1,"49":1,"50":1,"51":1,"52":1,"53":1,"54":1,"55":1,"57":1,"58":1,"59":1,"60":1,"61":1,"62":1,"63":1,"64":1,"65":1},"branchMap":{"0":{"type":"branch","line":29,"loc":{"start":{"line":29,"column":16},"end":{"line":29,"column":39}},"locations":[{"start":{"line":29,"column":16},"end":{"line":29,"column":39}}]},"1":{"type":"branch","line":30,"loc":{"start":{"line":30,"column":16},"end":{"line":30,"column":46}},"locations":[{"start":{"line":30,"column":16},"end":{"line":30,"column":46}}]},"2":{"type":"branch","line":31,"loc":{"start":{"line":31,"column":16},"end":{"line":31,"column":39}},"locations":[{"start":{"line":31,"column":16},"end":{"line":31,"column":39}}]}},"b":{"0":[5],"1":[8],"2":[5]},"fnMap":{"0":{"name":"minLength","decl":{"start":{"line":7,"column":13},"end":{"line":7,"column":61}},"loc":{"start":{"line":7,"column":13},"end":{"line":7,"column":61}},"line":7},"1":{"name":"maxLength","decl":{"start":{"line":8,"column":13},"end":{"line":8,"column":58}},"loc":{"start":{"line":8,"column":13},"end":{"line":8,"column":58}},"line":8},"2":{"name":"UPDATE_TAREA","decl":{"start":{"line":29,"column":16},"end":{"line":29,"column":39}},"loc":{"start":{"line":29,"column":16},"end":{"line":29,"column":39}},"line":29},"3":{"name":"TOGGLE_TAREA","decl":{"start":{"line":30,"column":16},"end":{"line":30,"column":46}},"loc":{"start":{"line":30,"column":16},"end":{"line":30,"column":46}},"line":30},"4":{"name":"DELETE_TAREA","decl":{"start":{"line":31,"column":16},"end":{"line":31,"column":39}},"loc":{"start":{"line":31,"column":16},"end":{"line":31,"column":39}},"line":31}},"f":{"0":0,"1":0,"2":5,"3":8,"4":5}}
,"/home/mcecilialuna/Escritorio/PROMPT-ENGINEERING/procrastinant-app/src/config/env.js": {"path":"/home/mcecilialuna/Escritorio/PROMPT-ENGINEERING/procrastinant-app/src/config/env.js","all":false,"statementMap":{"0":{"start":{"line":1,"column":0},"end":{"line":1,"column":92}}},"s":{"0":1},"branchMap":{"0":{"type":"branch","line":1,"loc":{"start":{"line":1,"column":62},"end":{"line":1,"column":92}},"locations":[{"start":{"line":1,"column":62},"end":{"line":1,"column":92}}]}},"b":{"0":[0]},"fnMap":{},"f":{}}
,"/home/mcecilialuna/Escritorio/PROMPT-ENGINEERING/procrastinant-app/src/features/autenticacion/index.js": {"path":"/home/mcecilialuna/Escritorio/PROMPT-ENGINEERING/procrastinant-app/src/features/autenticacion/index.js","all":true,"statementMap":{"0":{"start":{"line":1,"column":0},"end":{"line":1,"column":63}},"1":{"start":{"line":2,"column":0},"end":{"line":2,"column":69}}},"s":{"0":0,"1":0},"branchMap":{"0":{"type":"branch","line":1,"loc":{"start":{"line":1,"column":133},"end":{"line":2,"column":69}},"locations":[{"start":{"line":1,"column":133},"end":{"line":2,"column":69}}]}},"b":{"0":[0]},"fnMap":{"0":{"name":"(empty-report)","decl":{"start":{"line":1,"column":133},"end":{"line":2,"column":69}},"loc":{"start":{"line":1,"column":133},"end":{"line":2,"column":69}},"line":1}},"f":{"0":0}}
,"/home/mcecilialuna/Escritorio/PROMPT-ENGINEERING/procrastinant-app/src/features/autenticacion/components/PaginaLogin.jsx": {"path":"/home/mcecilialuna/Escritorio/PROMPT-ENGINEERING/procrastinant-app/src/features/autenticacion/components/PaginaLogin.jsx","all":true,"statementMap":{"0":{"start":{"line":1,"column":0},"end":{"line":1,"column":53}},"1":{"start":{"line":2,"column":0},"end":{"line":2,"column":52}},"2":{"start":{"line":3,"column":0},"end":{"line":3,"column":41}},"3":{"start":{"line":4,"column":0},"end":{"line":4,"column":47}},"5":{"start":{"line":6,"column":0},"end":{"line":6,"column":24}},"6":{"start":{"line":7,"column":0},"end":{"line":7,"column":72}},"8":{"start":{"line":9,"column":0},"end":{"line":9,"column":24}},"9":{"start":{"line":10,"column":0},"end":{"line":10,"column":47}},"10":{"start":{"line":11,"column":0},"end":{"line":11,"column":3}},"12":{"start":{"line":13,"column":0},"end":{"line":13,"column":10}},"13":{"start":{"line":14,"column":0},"end":{"line":14,"column":72}},"14":{"start":{"line":15,"column":0},"end":{"line":15,"column":45}},"15":{"start":{"line":16,"column":0},"end":{"line":16,"column":14}},"16":{"start":{"line":17,"column":0},"end":{"line":17,"column":26}},"17":{"start":{"line":18,"column":0},"end":{"line":18,"column":19}},"18":{"start":{"line":19,"column":0},"end":{"line":19,"column":112}},"19":{"start":{"line":20,"column":0},"end":{"line":20,"column":9}},"21":{"start":{"line":22,"column":0},"end":{"line":22,"column":16}},"22":{"start":{"line":23,"column":0},"end":{"line":23,"column":21}},"23":{"start":{"line":24,"column":0},"end":{"line":24,"column":16}},"24":{"start":{"line":25,"column":0},"end":{"line":25,"column":10}},"26":{"start":{"line":27,"column":0},"end":{"line":27,"column":1}},"28":{"start":{"line":29,"column":0},"end":{"line":29,"column":26}}},"s":{"0":0,"1":0,"2":0,"3":0,"5":0,"6":0,"8":0,"9":0,"10":0,"12":0,"13":0,"14":0,"15":0,"16":0,"17":0,"18":0,"19":0,"21":0,"22":0,"23":0,"24":0,"26":0,"28":0},"branchMap":{"0":{"type":"branch","line":1,"loc":{"start":{"line":1,"column":808},"end":{"line":29,"column":26}},"locations":[{"start":{"line":1,"column":808},"end":{"line":29,"column":26}}]}},"b":{"0":[0]},"fnMap":{"0":{"name":"(empty-report)","decl":{"start":{"line":1,"column":808},"end":{"line":29,"column":26}},"loc":{"start":{"line":1,"column":808},"end":{"line":29,"column":26}},"line":1}},"f":{"0":0}}
,"/home/mcecilialuna/Escritorio/PROMPT-ENGINEERING/procrastinant-app/src/features/autenticacion/components/PaginaRegistro.jsx": {"path":"/home/mcecilialuna/Escritorio/PROMPT-ENGINEERING/procrastinant-app/src/features/autenticacion/components/PaginaRegistro.jsx","all":true,"statementMap":{"0":{"start":{"line":1,"column":0},"end":{"line":1,"column":52}},"1":{"start":{"line":2,"column":0},"end":{"line":2,"column":59}},"2":{"start":{"line":3,"column":0},"end":{"line":3,"column":41}},"3":{"start":{"line":4,"column":0},"end":{"line":4,"column":47}},"5":{"start":{"line":6,"column":0},"end":{"line":6,"column":27}},"6":{"start":{"line":7,"column":0},"end":{"line":7,"column":72}},"8":{"start":{"line":9,"column":0},"end":{"line":9,"column":24}},"9":{"start":{"line":10,"column":0},"end":{"line":10,"column":47}},"10":{"start":{"line":11,"column":0},"end":{"line":11,"column":3}},"12":{"start":{"line":13,"column":0},"end":{"line":13,"column":10}},"13":{"start":{"line":14,"column":0},"end":{"line":14,"column":76}},"14":{"start":{"line":15,"column":0},"end":{"line":15,"column":48}},"15":{"start":{"line":16,"column":0},"end":{"line":16,"column":14}},"16":{"start":{"line":17,"column":0},"end":{"line":17,"column":29}},"17":{"start":{"line":18,"column":0},"end":{"line":18,"column":19}},"18":{"start":{"line":19,"column":0},"end":{"line":19,"column":114}},"19":{"start":{"line":20,"column":0},"end":{"line":20,"column":9}},"21":{"start":{"line":22,"column":0},"end":{"line":22,"column":16}},"22":{"start":{"line":23,"column":0},"end":{"line":23,"column":24}},"23":{"start":{"line":24,"column":0},"end":{"line":24,"column":16}},"24":{"start":{"line":25,"column":0},"end":{"line":25,"column":10}},"26":{"start":{"line":27,"column":0},"end":{"line":27,"column":1}},"28":{"start":{"line":29,"column":0},"end":{"line":29,"column":29}}},"s":{"0":0,"1":0,"2":0,"3":0,"5":0,"6":0,"8":0,"9":0,"10":0,"12":0,"13":0,"14":0,"15":0,"16":0,"17":0,"18":0,"19":0,"21":0,"22":0,"23":0,"24":0,"26":0,"28":0},"branchMap":{"0":{"type":"branch","line":1,"loc":{"start":{"line":1,"column":836},"end":{"line":29,"column":29}},"locations":[{"start":{"line":1,"column":836},"end":{"line":29,"column":29}}]}},"b":{"0":[0]},"fnMap":{"0":{"name":"(empty-report)","decl":{"start":{"line":1,"column":836},"end":{"line":29,"column":29}},"loc":{"start":{"line":1,"column":836},"end":{"line":29,"column":29}},"line":1}},"f":{"0":0}}
,"/home/mcecilialuna/Escritorio/PROMPT-ENGINEERING/procrastinant-app/src/features/autenticacion/services/authService.js": {"path":"/home/mcecilialuna/Escritorio/PROMPT-ENGINEERING/procrastinant-app/src/features/autenticacion/services/authService.js","all":false,"statementMap":{"0":{"start":{"line":1,"column":0},"end":{"line":1,"column":44}},"1":{"start":{"line":2,"column":0},"end":{"line":2,"column":54}},"3":{"start":{"line":4,"column":0},"end":{"line":4,"column":49}},"4":{"start":{"line":5,"column":0},"end":{"line":5,"column":7}},"5":{"start":{"line":6,"column":0},"end":{"line":6,"column":64}},"6":{"start":{"line":7,"column":0},"end":{"line":7,"column":12}},"7":{"start":{"line":8,"column":0},"end":{"line":8,"column":15}},"8":{"start":{"line":9,"column":0},"end":{"line":9,"column":6}},"10":{"start":{"line":11,"column":0},"end":{"line":11,"column":24}},"11":{"start":{"line":12,"column":0},"end":{"line":12,"column":19}},"12":{"start":{"line":13,"column":0},"end":{"line":13,"column":43}},"13":{"start":{"line":14,"column":0},"end":{"line":14,"column":79}},"14":{"start":{"line":15,"column":0},"end":{"line":15,"column":3}},"15":{"start":{"line":16,"column":0},"end":{"line":16,"column":1}},"17":{"start":{"line":18,"column":0},"end":{"line":18,"column":45}},"18":{"start":{"line":19,"column":0},"end":{"line":19,"column":7}},"19":{"start":{"line":20,"column":0},"end":{"line":20,"column":75}},"21":{"start":{"line":22,"column":0},"end":{"line":22,"column":24}},"22":{"start":{"line":23,"column":0},"end":{"line":23,"column":19}},"23":{"start":{"line":24,"column":0},"end":{"line":24,"column":46}},"24":{"start":{"line":25,"column":0},"end":{"line":25,"column":82}},"25":{"start":{"line":26,"column":0},"end":{"line":26,"column":3}},"26":{"start":{"line":27,"column":0},"end":{"line":27,"column":1}},"28":{"start":{"line":29,"column":0},"end":{"line":29,"column":35}},"29":{"start":{"line":30,"column":0},"end":{"line":30,"column":7}},"30":{"start":{"line":31,"column":0},"end":{"line":31,"column":46}},"31":{"start":{"line":32,"column":0},"end":{"line":32,"column":19}},"32":{"start":{"line":33,"column":0},"end":{"line":33,"column":44}},"33":{"start":{"line":34,"column":0},"end":{"line":34,"column":3}},"34":{"start":{"line":35,"column":0},"end":{"line":35,"column":1}},"36":{"start":{"line":37,"column":0},"end":{"line":37,"column":39}},"37":{"start":{"line":38,"column":0},"end":{"line":38,"column":7}},"38":{"start":{"line":39,"column":0},"end":{"line":39,"column":67}},"39":{"start":{"line":40,"column":0},"end":{"line":40,"column":24}},"40":{"start":{"line":41,"column":0},"end":{"line":41,"column":19}},"41":{"start":{"line":42,"column":0},"end":{"line":42,"column":48}},"42":{"start":{"line":43,"column":0},"end":{"line":43,"column":88}},"43":{"start":{"line":44,"column":0},"end":{"line":44,"column":3}},"44":{"start":{"line":45,"column":0},"end":{"line":45,"column":1}}},"s":{"0":1,"1":1,"3":1,"4":4,"5":4,"6":4,"7":4,"8":4,"10":1,"11":4,"12":3,"13":3,"14":3,"15":4,"17":1,"18":4,"19":4,"21":1,"22":4,"23":3,"24":3,"25":3,"26":4,"28":1,"29":3,"30":3,"31":3,"32":2,"33":2,"34":3,"36":1,"37":5,"38":5,"39":1,"40":5,"41":4,"42":4,"43":4,"44":5},"branchMap":{"0":{"type":"branch","line":4,"loc":{"start":{"line":4,"column":21},"end":{"line":16,"column":1}},"locations":[{"start":{"line":4,"column":21},"end":{"line":16,"column":1}}]},"1":{"type":"branch","line":9,"loc":{"start":{"line":9,"column":5},"end":{"line":12,"column":4}},"locations":[{"start":{"line":9,"column":5},"end":{"line":12,"column":4}}]},"2":{"type":"branch","line":12,"loc":{"start":{"line":12,"column":4},"end":{"line":15,"column":3}},"locations":[{"start":{"line":12,"column":4},"end":{"line":15,"column":3}}]},"3":{"type":"branch","line":14,"loc":{"start":{"line":14,"column":34},"end":{"line":14,"column":49}},"locations":[{"start":{"line":14,"column":34},"end":{"line":14,"column":49}}]},"4":{"type":"branch","line":14,"loc":{"start":{"line":14,"column":50},"end":{"line":14,"column":78}},"locations":[{"start":{"line":14,"column":50},"end":{"line":14,"column":78}}]},"5":{"type":"branch","line":18,"loc":{"start":{"line":18,"column":24},"end":{"line":27,"column":1}},"locations":[{"start":{"line":18,"column":24},"end":{"line":27,"column":1}}]},"6":{"type":"branch","line":20,"loc":{"start":{"line":20,"column":74},"end":{"line":23,"column":4}},"locations":[{"start":{"line":20,"column":74},"end":{"line":23,"column":4}}]},"7":{"type":"branch","line":23,"loc":{"start":{"line":23,"column":4},"end":{"line":26,"column":3}},"locations":[{"start":{"line":23,"column":4},"end":{"line":26,"column":3}}]},"8":{"type":"branch","line":25,"loc":{"start":{"line":25,"column":34},"end":{"line":25,"column":49}},"locations":[{"start":{"line":25,"column":34},"end":{"line":25,"column":49}}]},"9":{"type":"branch","line":25,"loc":{"start":{"line":25,"column":50},"end":{"line":25,"column":81}},"locations":[{"start":{"line":25,"column":50},"end":{"line":25,"column":81}}]},"10":{"type":"branch","line":29,"loc":{"start":{"line":29,"column":22},"end":{"line":35,"column":1}},"locations":[{"start":{"line":29,"column":22},"end":{"line":35,"column":1}}]},"11":{"type":"branch","line":31,"loc":{"start":{"line":31,"column":45},"end":{"line":32,"column":4}},"locations":[{"start":{"line":31,"column":45},"end":{"line":32,"column":4}}]},"12":{"type":"branch","line":32,"loc":{"start":{"line":32,"column":4},"end":{"line":34,"column":3}},"locations":[{"start":{"line":32,"column":4},"end":{"line":34,"column":3}}]},"13":{"type":"branch","line":37,"loc":{"start":{"line":37,"column":26},"end":{"line":45,"column":1}},"locations":[{"start":{"line":37,"column":26},"end":{"line":45,"column":1}}]},"14":{"type":"branch","line":39,"loc":{"start":{"line":39,"column":66},"end":{"line":41,"column":4}},"locations":[{"start":{"line":39,"column":66},"end":{"line":41,"column":4}}]},"15":{"type":"branch","line":41,"loc":{"start":{"line":41,"column":4},"end":{"line":44,"column":3}},"locations":[{"start":{"line":41,"column":4},"end":{"line":44,"column":3}}]},"16":{"type":"branch","line":43,"loc":{"start":{"line":43,"column":34},"end":{"line":43,"column":49}},"locations":[{"start":{"line":43,"column":34},"end":{"line":43,"column":49}}]},"17":{"type":"branch","line":43,"loc":{"start":{"line":43,"column":50},"end":{"line":43,"column":87}},"locations":[{"start":{"line":43,"column":50},"end":{"line":43,"column":87}}]}},"b":{"0":[4],"1":[1],"2":[3],"3":[2],"4":[2],"5":[4],"6":[1],"7":[3],"8":[2],"9":[1],"10":[3],"11":[1],"12":[2],"13":[5],"14":[1],"15":[4],"16":[3],"17":[2]},"fnMap":{"0":{"name":"login","decl":{"start":{"line":4,"column":21},"end":{"line":16,"column":1}},"loc":{"start":{"line":4,"column":21},"end":{"line":16,"column":1}},"line":4},"1":{"name":"register","decl":{"start":{"line":18,"column":24},"end":{"line":27,"column":1}},"loc":{"start":{"line":18,"column":24},"end":{"line":27,"column":1}},"line":18},"2":{"name":"logout","decl":{"start":{"line":29,"column":22},"end":{"line":35,"column":1}},"loc":{"start":{"line":29,"column":22},"end":{"line":35,"column":1}},"line":29},"3":{"name":"verifyAuth","decl":{"start":{"line":37,"column":26},"end":{"line":45,"column":1}},"loc":{"start":{"line":37,"column":26},"end":{"line":45,"column":1}},"line":37}},"f":{"0":4,"1":4,"2":3,"3":5}}
,"/home/mcecilialuna/Escritorio/PROMPT-ENGINEERING/procrastinant-app/src/features/configuracion-usuario/index.js": {"path":"/home/mcecilialuna/Escritorio/PROMPT-ENGINEERING/procrastinant-app/src/features/configuracion-usuario/index.js","all":true,"statementMap":{"0":{"start":{"line":1,"column":0},"end":{"line":1,"column":79}}},"s":{"0":0},"branchMap":{"0":{"type":"branch","line":1,"loc":{"start":{"line":1,"column":79},"end":{"line":1,"column":79}},"locations":[{"start":{"line":1,"column":79},"end":{"line":1,"column":79}}]}},"b":{"0":[0]},"fnMap":{"0":{"name":"(empty-report)","decl":{"start":{"line":1,"column":79},"end":{"line":1,"column":79}},"loc":{"start":{"line":1,"column":79},"end":{"line":1,"column":79}},"line":1}},"f":{"0":0}}
,"/home/mcecilialuna/Escritorio/PROMPT-ENGINEERING/procrastinant-app/src/features/configuracion-usuario/components/PaginaConfiguracion.jsx": {"path":"/home/mcecilialuna/Escritorio/PROMPT-ENGINEERING/procrastinant-app/src/features/configuracion-usuario/components/PaginaConfiguracion.jsx","all":true,"statementMap":{"0":{"start":{"line":1,"column":0},"end":{"line":1,"column":52}},"1":{"start":{"line":2,"column":0},"end":{"line":2,"column":83}},"2":{"start":{"line":3,"column":0},"end":{"line":3,"column":75}},"3":{"start":{"line":4,"column":0},"end":{"line":4,"column":73}},"5":{"start":{"line":6,"column":0},"end":{"line":6,"column":32}},"6":{"start":{"line":7,"column":0},"end":{"line":7,"column":10}},"7":{"start":{"line":8,"column":0},"end":{"line":8,"column":63}},"8":{"start":{"line":9,"column":0},"end":{"line":9,"column":12}},"9":{"start":{"line":10,"column":0},"end":{"line":10,"column":17}},"10":{"start":{"line":11,"column":0},"end":{"line":11,"column":120}},"11":{"start":{"line":12,"column":0},"end":{"line":12,"column":7}},"13":{"start":{"line":14,"column":0},"end":{"line":14,"column":14}},"14":{"start":{"line":15,"column":0},"end":{"line":15,"column":44}},"15":{"start":{"line":16,"column":0},"end":{"line":16,"column":36}},"16":{"start":{"line":17,"column":0},"end":{"line":17,"column":12}},"17":{"start":{"line":18,"column":0},"end":{"line":18,"column":12}},"18":{"start":{"line":19,"column":0},"end":{"line":19,"column":17}},"19":{"start":{"line":20,"column":0},"end":{"line":20,"column":113}},"20":{"start":{"line":21,"column":0},"end":{"line":21,"column":7}},"22":{"start":{"line":23,"column":0},"end":{"line":23,"column":14}},"23":{"start":{"line":24,"column":0},"end":{"line":24,"column":44}},"24":{"start":{"line":25,"column":0},"end":{"line":25,"column":32}},"25":{"start":{"line":26,"column":0},"end":{"line":26,"column":12}},"27":{"start":{"line":28,"column":0},"end":{"line":28,"column":49}},"28":{"start":{"line":29,"column":0},"end":{"line":29,"column":31}},"29":{"start":{"line":30,"column":0},"end":{"line":30,"column":12}},"30":{"start":{"line":31,"column":0},"end":{"line":31,"column":10}},"32":{"start":{"line":33,"column":0},"end":{"line":33,"column":1}},"34":{"start":{"line":35,"column":0},"end":{"line":35,"column":34}}},"s":{"0":0,"1":0,"2":0,"3":0,"5":0,"6":0,"7":0,"8":0,"9":0,"10":0,"11":0,"13":0,"14":0,"15":0,"16":0,"17":0,"18":0,"19":0,"20":0,"22":0,"23":0,"24":0,"25":0,"27":0,"28":0,"29":0,"30":0,"32":0,"34":0},"branchMap":{"0":{"type":"branch","line":1,"loc":{"start":{"line":1,"column":1135},"end":{"line":35,"column":34}},"locations":[{"start":{"line":1,"column":1135},"end":{"line":35,"column":34}}]}},"b":{"0":[0]},"fnMap":{"0":{"name":"(empty-report)","decl":{"start":{"line":1,"column":1135},"end":{"line":35,"column":34}},"loc":{"start":{"line":1,"column":1135},"end":{"line":35,"column":34}},"line":1}},"f":{"0":0}}
,"/home/mcecilialuna/Escritorio/PROMPT-ENGINEERING/procrastinant-app/src/features/configuracion-usuario/services/userService.js": {"path":"/home/mcecilialuna/Escritorio/PROMPT-ENGINEERING/procrastinant-app/src/features/configuracion-usuario/services/userService.js","all":false,"statementMap":{"0":{"start":{"line":1,"column":0},"end":{"line":1,"column":44}},"1":{"start":{"line":2,"column":0},"end":{"line":2,"column":54}},"3":{"start":{"line":4,"column":0},"end":{"line":4,"column":39}},"4":{"start":{"line":5,"column":0},"end":{"line":5,"column":7}},"5":{"start":{"line":6,"column":0},"end":{"line":6,"column":67}},"7":{"start":{"line":8,"column":0},"end":{"line":8,"column":60}},"8":{"start":{"line":9,"column":0},"end":{"line":9,"column":36}},"9":{"start":{"line":10,"column":0},"end":{"line":10,"column":5}},"11":{"start":{"line":12,"column":0},"end":{"line":12,"column":15}},"12":{"start":{"line":13,"column":0},"end":{"line":13,"column":19}},"13":{"start":{"line":14,"column":0},"end":{"line":14,"column":52}},"14":{"start":{"line":15,"column":0},"end":{"line":15,"column":79}},"15":{"start":{"line":16,"column":0},"end":{"line":16,"column":3}},"16":{"start":{"line":17,"column":0},"end":{"line":17,"column":1}},"18":{"start":{"line":19,"column":0},"end":{"line":19,"column":50}},"19":{"start":{"line":20,"column":0},"end":{"line":20,"column":7}},"20":{"start":{"line":21,"column":0},"end":{"line":21,"column":80}},"22":{"start":{"line":23,"column":0},"end":{"line":23,"column":24}},"23":{"start":{"line":24,"column":0},"end":{"line":24,"column":19}},"24":{"start":{"line":25,"column":0},"end":{"line":25,"column":55}},"25":{"start":{"line":26,"column":0},"end":{"line":26,"column":82}},"26":{"start":{"line":27,"column":0},"end":{"line":27,"column":3}},"27":{"start":{"line":28,"column":0},"end":{"line":28,"column":1}},"29":{"start":{"line":30,"column":0},"end":{"line":30,"column":88}},"30":{"start":{"line":31,"column":0},"end":{"line":31,"column":7}},"31":{"start":{"line":32,"column":0},"end":{"line":32,"column":73}},"32":{"start":{"line":33,"column":0},"end":{"line":33,"column":22}},"33":{"start":{"line":34,"column":0},"end":{"line":34,"column":18}},"34":{"start":{"line":35,"column":0},"end":{"line":35,"column":22}},"35":{"start":{"line":36,"column":0},"end":{"line":36,"column":6}},"37":{"start":{"line":38,"column":0},"end":{"line":38,"column":24}},"38":{"start":{"line":39,"column":0},"end":{"line":39,"column":19}},"39":{"start":{"line":40,"column":0},"end":{"line":40,"column":56}},"40":{"start":{"line":41,"column":0},"end":{"line":41,"column":83}},"41":{"start":{"line":42,"column":0},"end":{"line":42,"column":3}},"42":{"start":{"line":43,"column":0},"end":{"line":43,"column":1}},"44":{"start":{"line":45,"column":0},"end":{"line":45,"column":50}},"45":{"start":{"line":46,"column":0},"end":{"line":46,"column":7}},"46":{"start":{"line":47,"column":0},"end":{"line":47,"column":75}},"47":{"start":{"line":48,"column":0},"end":{"line":48,"column":13}},"48":{"start":{"line":49,"column":0},"end":{"line":49,"column":17}},"49":{"start":{"line":50,"column":0},"end":{"line":50,"column":33}},"50":{"start":{"line":51,"column":0},"end":{"line":51,"column":8}},"51":{"start":{"line":52,"column":0},"end":{"line":52,"column":6}},"53":{"start":{"line":54,"column":0},"end":{"line":54,"column":24}},"54":{"start":{"line":55,"column":0},"end":{"line":55,"column":19}},"55":{"start":{"line":56,"column":0},"end":{"line":56,"column":53}},"56":{"start":{"line":57,"column":0},"end":{"line":57,"column":80}},"57":{"start":{"line":58,"column":0},"end":{"line":58,"column":3}},"58":{"start":{"line":59,"column":0},"end":{"line":59,"column":1}}},"s":{"0":1,"1":1,"3":1,"4":5,"5":5,"7":5,"8":1,"9":1,"11":2,"12":2,"13":2,"14":2,"15":2,"16":5,"18":1,"19":4,"20":4,"22":1,"23":4,"24":3,"25":3,"26":3,"27":4,"29":1,"30":5,"31":5,"32":5,"33":5,"34":5,"35":5,"37":1,"38":5,"39":4,"40":4,"41":4,"42":5,"44":1,"45":6,"46":6,"47":6,"48":6,"49":6,"50":6,"51":6,"53":2,"54":6,"55":4,"56":4,"57":4,"58":6},"branchMap":{"0":{"type":"branch","line":4,"loc":{"start":{"line":4,"column":26},"end":{"line":17,"column":1}},"locations":[{"start":{"line":4,"column":26},"end":{"line":17,"column":1}}]},"1":{"type":"branch","line":6,"loc":{"start":{"line":6,"column":66},"end":{"line":8,"column":30}},"locations":[{"start":{"line":6,"column":66},"end":{"line":8,"column":30}}]},"2":{"type":"branch","line":8,"loc":{"start":{"line":8,"column":30},"end":{"line":8,"column":57}},"locations":[{"start":{"line":8,"column":30},"end":{"line":8,"column":57}}]},"3":{"type":"branch","line":8,"loc":{"start":{"line":8,"column":59},"end":{"line":10,"column":5}},"locations":[{"start":{"line":8,"column":59},"end":{"line":10,"column":5}}]},"4":{"type":"branch","line":10,"loc":{"start":{"line":10,"column":4},"end":{"line":16,"column":3}},"locations":[{"start":{"line":10,"column":4},"end":{"line":16,"column":3}}]},"5":{"type":"branch","line":15,"loc":{"start":{"line":15,"column":34},"end":{"line":15,"column":49}},"locations":[{"start":{"line":15,"column":34},"end":{"line":15,"column":49}}]},"6":{"type":"branch","line":15,"loc":{"start":{"line":15,"column":50},"end":{"line":15,"column":78}},"locations":[{"start":{"line":15,"column":50},"end":{"line":15,"column":78}}]},"7":{"type":"branch","line":19,"loc":{"start":{"line":19,"column":29},"end":{"line":28,"column":1}},"locations":[{"start":{"line":19,"column":29},"end":{"line":28,"column":1}}]},"8":{"type":"branch","line":21,"loc":{"start":{"line":21,"column":79},"end":{"line":24,"column":4}},"locations":[{"start":{"line":21,"column":79},"end":{"line":24,"column":4}}]},"9":{"type":"branch","line":24,"loc":{"start":{"line":24,"column":4},"end":{"line":27,"column":3}},"locations":[{"start":{"line":24,"column":4},"end":{"line":27,"column":3}}]},"10":{"type":"branch","line":26,"loc":{"start":{"line":26,"column":34},"end":{"line":26,"column":49}},"locations":[{"start":{"line":26,"column":34},"end":{"line":26,"column":49}}]},"11":{"type":"branch","line":26,"loc":{"start":{"line":26,"column":50},"end":{"line":26,"column":81}},"locations":[{"start":{"line":26,"column":50},"end":{"line":26,"column":81}}]},"12":{"type":"branch","line":30,"loc":{"start":{"line":30,"column":30},"end":{"line":43,"column":1}},"locations":[{"start":{"line":30,"column":30},"end":{"line":43,"column":1}}]},"13":{"type":"branch","line":36,"loc":{"start":{"line":36,"column":5},"end":{"line":39,"column":4}},"locations":[{"start":{"line":36,"column":5},"end":{"line":39,"column":4}}]},"14":{"type":"branch","line":39,"loc":{"start":{"line":39,"column":4},"end":{"line":42,"column":3}},"locations":[{"start":{"line":39,"column":4},"end":{"line":42,"column":3}}]},"15":{"type":"branch","line":41,"loc":{"start":{"line":41,"column":34},"end":{"line":41,"column":49}},"locations":[{"start":{"line":41,"column":34},"end":{"line":41,"column":49}}]},"16":{"type":"branch","line":41,"loc":{"start":{"line":41,"column":50},"end":{"line":41,"column":82}},"locations":[{"start":{"line":41,"column":50},"end":{"line":41,"column":82}}]},"17":{"type":"branch","line":45,"loc":{"start":{"line":45,"column":29},"end":{"line":59,"column":1}},"locations":[{"start":{"line":45,"column":29},"end":{"line":59,"column":1}}]},"18":{"type":"branch","line":52,"loc":{"start":{"line":52,"column":5},"end":{"line":55,"column":4}},"locations":[{"start":{"line":52,"column":5},"end":{"line":55,"column":4}}]},"19":{"type":"branch","line":55,"loc":{"start":{"line":55,"column":4},"end":{"line":58,"column":3}},"locations":[{"start":{"line":55,"column":4},"end":{"line":58,"column":3}}]},"20":{"type":"branch","line":57,"loc":{"start":{"line":57,"column":34},"end":{"line":57,"column":49}},"locations":[{"start":{"line":57,"column":34},"end":{"line":57,"column":49}}]},"21":{"type":"branch","line":57,"loc":{"start":{"line":57,"column":50},"end":{"line":57,"column":79}},"locations":[{"start":{"line":57,"column":50},"end":{"line":57,"column":79}}]}},"b":{"0":[5],"1":[3],"2":[2],"3":[1],"4":[2],"5":[1],"6":[1],"7":[4],"8":[1],"9":[3],"10":[2],"11":[1],"12":[5],"13":[1],"14":[4],"15":[3],"16":[1],"17":[6],"18":[2],"19":[4],"20":[3],"21":[1]},"fnMap":{"0":{"name":"getProfile","decl":{"start":{"line":4,"column":26},"end":{"line":17,"column":1}},"loc":{"start":{"line":4,"column":26},"end":{"line":17,"column":1}},"line":4},"1":{"name":"updateProfile","decl":{"start":{"line":19,"column":29},"end":{"line":28,"column":1}},"loc":{"start":{"line":19,"column":29},"end":{"line":28,"column":1}},"line":19},"2":{"name":"changePassword","decl":{"start":{"line":30,"column":30},"end":{"line":43,"column":1}},"loc":{"start":{"line":30,"column":30},"end":{"line":43,"column":1}},"line":30},"3":{"name":"deleteAccount","decl":{"start":{"line":45,"column":29},"end":{"line":59,"column":1}},"loc":{"start":{"line":45,"column":29},"end":{"line":59,"column":1}},"line":45}},"f":{"0":5,"1":4,"2":5,"3":6}}
,"/home/mcecilialuna/Escritorio/PROMPT-ENGINEERING/procrastinant-app/src/features/dashboard/index.js": {"path":"/home/mcecilialuna/Escritorio/PROMPT-ENGINEERING/procrastinant-app/src/features/dashboard/index.js","all":true,"statementMap":{"0":{"start":{"line":1,"column":0},"end":{"line":1,"column":71}}},"s":{"0":0},"branchMap":{"0":{"type":"branch","line":1,"loc":{"start":{"line":1,"column":71},"end":{"line":1,"column":71}},"locations":[{"start":{"line":1,"column":71},"end":{"line":1,"column":71}}]}},"b":{"0":[0]},"fnMap":{"0":{"name":"(empty-report)","decl":{"start":{"line":1,"column":71},"end":{"line":1,"column":71}},"loc":{"start":{"line":1,"column":71},"end":{"line":1,"column":71}},"line":1}},"f":{"0":0}}
,"/home/mcecilialuna/Escritorio/PROMPT-ENGINEERING/procrastinant-app/src/features/dashboard/components/PaginaDashboard.jsx": {"path":"/home/mcecilialuna/Escritorio/PROMPT-ENGINEERING/procrastinant-app/src/features/dashboard/components/PaginaDashboard.jsx","all":true,"statementMap":{"0":{"start":{"line":1,"column":0},"end":{"line":1,"column":41}},"1":{"start":{"line":2,"column":0},"end":{"line":2,"column":35}},"2":{"start":{"line":3,"column":0},"end":{"line":3,"column":52}},"3":{"start":{"line":4,"column":0},"end":{"line":4,"column":71}},"4":{"start":{"line":5,"column":0},"end":{"line":5,"column":67}},"5":{"start":{"line":6,"column":0},"end":{"line":6,"column":47}},"6":{"start":{"line":7,"column":0},"end":{"line":7,"column":51}},"7":{"start":{"line":8,"column":0},"end":{"line":8,"column":8}},"15":{"start":{"line":16,"column":0},"end":{"line":16,"column":28}},"16":{"start":{"line":17,"column":0},"end":{"line":17,"column":31}},"17":{"start":{"line":18,"column":0},"end":{"line":18,"column":9}},"18":{"start":{"line":19,"column":0},"end":{"line":19,"column":11}},"19":{"start":{"line":20,"column":0},"end":{"line":20,"column":14}},"20":{"start":{"line":21,"column":0},"end":{"line":21,"column":13}},"21":{"start":{"line":22,"column":0},"end":{"line":22,"column":34}},"22":{"start":{"line":23,"column":0},"end":{"line":23,"column":34}},"23":{"start":{"line":24,"column":0},"end":{"line":24,"column":22}},"24":{"start":{"line":25,"column":0},"end":{"line":25,"column":50}},"26":{"start":{"line":27,"column":0},"end":{"line":27,"column":19}},"27":{"start":{"line":28,"column":0},"end":{"line":28,"column":37}},"28":{"start":{"line":29,"column":0},"end":{"line":29,"column":11}},"29":{"start":{"line":30,"column":0},"end":{"line":30,"column":44}},"30":{"start":{"line":31,"column":0},"end":{"line":31,"column":29}},"31":{"start":{"line":32,"column":0},"end":{"line":32,"column":23}},"32":{"start":{"line":33,"column":0},"end":{"line":33,"column":55}},"33":{"start":{"line":34,"column":0},"end":{"line":34,"column":49}},"34":{"start":{"line":35,"column":0},"end":{"line":35,"column":17}},"35":{"start":{"line":36,"column":0},"end":{"line":36,"column":27}},"36":{"start":{"line":37,"column":0},"end":{"line":37,"column":7}},"37":{"start":{"line":38,"column":0},"end":{"line":38,"column":5}},"39":{"start":{"line":40,"column":0},"end":{"line":40,"column":17}},"40":{"start":{"line":41,"column":0},"end":{"line":41,"column":17}},"42":{"start":{"line":43,"column":0},"end":{"line":43,"column":52}},"43":{"start":{"line":44,"column":0},"end":{"line":44,"column":9}},"44":{"start":{"line":45,"column":0},"end":{"line":45,"column":46}},"46":{"start":{"line":47,"column":0},"end":{"line":47,"column":55}},"47":{"start":{"line":48,"column":0},"end":{"line":48,"column":36}},"48":{"start":{"line":49,"column":0},"end":{"line":49,"column":45}},"49":{"start":{"line":50,"column":0},"end":{"line":50,"column":38}},"50":{"start":{"line":51,"column":0},"end":{"line":51,"column":8}},"52":{"start":{"line":53,"column":0},"end":{"line":53,"column":23}},"53":{"start":{"line":54,"column":0},"end":{"line":54,"column":28}},"54":{"start":{"line":55,"column":0},"end":{"line":55,"column":7}},"55":{"start":{"line":56,"column":0},"end":{"line":56,"column":21}},"56":{"start":{"line":57,"column":0},"end":{"line":57,"column":51}},"57":{"start":{"line":58,"column":0},"end":{"line":58,"column":5}},"58":{"start":{"line":59,"column":0},"end":{"line":59,"column":3}},"60":{"start":{"line":61,"column":0},"end":{"line":61,"column":52}},"61":{"start":{"line":62,"column":0},"end":{"line":62,"column":9}},"62":{"start":{"line":63,"column":0},"end":{"line":63,"column":46}},"64":{"start":{"line":65,"column":0},"end":{"line":65,"column":61}},"65":{"start":{"line":66,"column":0},"end":{"line":66,"column":35}},"66":{"start":{"line":67,"column":0},"end":{"line":67,"column":37}},"67":{"start":{"line":68,"column":0},"end":{"line":68,"column":43}},"68":{"start":{"line":69,"column":0},"end":{"line":69,"column":8}},"70":{"start":{"line":71,"column":0},"end":{"line":71,"column":29}},"71":{"start":{"line":72,"column":0},"end":{"line":72,"column":46}},"72":{"start":{"line":73,"column":0},"end":{"line":73,"column":7}},"73":{"start":{"line":74,"column":0},"end":{"line":74,"column":21}},"74":{"start":{"line":75,"column":0},"end":{"line":75,"column":56}},"75":{"start":{"line":76,"column":0},"end":{"line":76,"column":5}},"76":{"start":{"line":77,"column":0},"end":{"line":77,"column":3}},"78":{"start":{"line":79,"column":0},"end":{"line":79,"column":58}},"79":{"start":{"line":80,"column":0},"end":{"line":80,"column":9}},"80":{"start":{"line":81,"column":0},"end":{"line":81,"column":37}},"82":{"start":{"line":83,"column":0},"end":{"line":83,"column":61}},"83":{"start":{"line":84,"column":0},"end":{"line":84,"column":42}},"84":{"start":{"line":85,"column":0},"end":{"line":85,"column":87}},"85":{"start":{"line":86,"column":0},"end":{"line":86,"column":50}},"86":{"start":{"line":87,"column":0},"end":{"line":87,"column":8}},"88":{"start":{"line":89,"column":0},"end":{"line":89,"column":29}},"89":{"start":{"line":90,"column":0},"end":{"line":90,"column":46}},"90":{"start":{"line":91,"column":0},"end":{"line":91,"column":7}},"91":{"start":{"line":92,"column":0},"end":{"line":92,"column":21}},"92":{"start":{"line":93,"column":0},"end":{"line":93,"column":54}},"93":{"start":{"line":94,"column":0},"end":{"line":94,"column":5}},"94":{"start":{"line":95,"column":0},"end":{"line":95,"column":3}},"96":{"start":{"line":97,"column":0},"end":{"line":97,"column":43}},"97":{"start":{"line":98,"column":0},"end":{"line":98,"column":9}},"98":{"start":{"line":99,"column":0},"end":{"line":99,"column":37}},"100":{"start":{"line":101,"column":0},"end":{"line":101,"column":36}},"101":{"start":{"line":102,"column":0},"end":{"line":102,"column":33}},"102":{"start":{"line":103,"column":0},"end":{"line":103,"column":35}},"103":{"start":{"line":104,"column":0},"end":{"line":104,"column":41}},"104":{"start":{"line":105,"column":0},"end":{"line":105,"column":8}},"106":{"start":{"line":107,"column":0},"end":{"line":107,"column":26}},"107":{"start":{"line":108,"column":0},"end":{"line":108,"column":21}},"108":{"start":{"line":109,"column":0},"end":{"line":109,"column":54}},"109":{"start":{"line":110,"column":0},"end":{"line":110,"column":5}},"110":{"start":{"line":111,"column":0},"end":{"line":111,"column":3}},"112":{"start":{"line":113,"column":0},"end":{"line":113,"column":10}},"113":{"start":{"line":114,"column":0},"end":{"line":114,"column":61}},"114":{"start":{"line":115,"column":0},"end":{"line":115,"column":49}},"115":{"start":{"line":116,"column":0},"end":{"line":116,"column":14}},"116":{"start":{"line":117,"column":0},"end":{"line":117,"column":30}},"117":{"start":{"line":118,"column":0},"end":{"line":118,"column":19}},"118":{"start":{"line":119,"column":0},"end":{"line":119,"column":114}},"119":{"start":{"line":120,"column":0},"end":{"line":120,"column":9}},"120":{"start":{"line":121,"column":0},"end":{"line":121,"column":58}},"121":{"start":{"line":122,"column":0},"end":{"line":122,"column":16}},"123":{"start":{"line":124,"column":0},"end":{"line":124,"column":59}},"125":{"start":{"line":126,"column":0},"end":{"line":126,"column":22}},"126":{"start":{"line":127,"column":0},"end":{"line":127,"column":52}},"127":{"start":{"line":128,"column":0},"end":{"line":128,"column":62}},"128":{"start":{"line":129,"column":0},"end":{"line":129,"column":63}},"129":{"start":{"line":130,"column":0},"end":{"line":130,"column":16}},"130":{"start":{"line":131,"column":0},"end":{"line":131,"column":35}},"131":{"start":{"line":132,"column":0},"end":{"line":132,"column":68}},"133":{"start":{"line":134,"column":0},"end":{"line":134,"column":14}},"135":{"start":{"line":136,"column":0},"end":{"line":136,"column":33}},"136":{"start":{"line":137,"column":0},"end":{"line":137,"column":29}},"137":{"start":{"line":138,"column":0},"end":{"line":138,"column":28}},"138":{"start":{"line":139,"column":0},"end":{"line":139,"column":27}},"139":{"start":{"line":140,"column":0},"end":{"line":140,"column":42}},"140":{"start":{"line":141,"column":0},"end":{"line":141,"column":42}},"141":{"start":{"line":142,"column":0},"end":{"line":142,"column":42}},"142":{"start":{"line":143,"column":0},"end":{"line":143,"column":14}},"143":{"start":{"line":144,"column":0},"end":{"line":144,"column":12}},"145":{"start":{"line":146,"column":0},"end":{"line":146,"column":16}},"146":{"start":{"line":147,"column":0},"end":{"line":147,"column":10}},"148":{"start":{"line":149,"column":0},"end":{"line":149,"column":1}},"150":{"start":{"line":151,"column":0},"end":{"line":151,"column":30}}},"s":{"0":0,"1":0,"2":0,"3":0,"4":0,"5":0,"6":0,"7":0,"15":0,"16":0,"17":0,"18":0,"19":0,"20":0,"21":0,"22":0,"23":0,"24":0,"26":0,"27":0,"28":0,"29":0,"30":0,"31":0,"32":0,"33":0,"34":0,"35":0,"36":0,"37":0,"39":0,"40":0,"42":0,"43":0,"44":0,"46":0,"47":0,"48":0,"49":0,"50":0,"52":0,"53":0,"54":0,"55":0,"56":0,"57":0,"58":0,"60":0,"61":0,"62":0,"64":0,"65":0,"66":0,"67":0,"68":0,"70":0,"71":0,"72":0,"73":0,"74":0,"75":0,"76":0,"78":0,"79":0,"80":0,"82":0,"83":0,"84":0,"85":0,"86":0,"88":0,"89":0,"90":0,"91":0,"92":0,"93":0,"94":0,"96":0,"97":0,"98":0,"100":0,"101":0,"102":0,"103":0,"104":0,"106":0,"107":0,"108":0,"109":0,"110":0,"112":0,"113":0,"114":0,"115":0,"116":0,"117":0,"118":0,"119":0,"120":0,"121":0,"123":0,"125":0,"126":0,"127":0,"128":0,"129":0,"130":0,"131":0,"133":0,"135":0,"136":0,"137":0,"138":0,"139":0,"140":0,"141":0,"142":0,"143":0,"145":0,"146":0,"148":0,"150":0},"branchMap":{"0":{"type":"branch","line":1,"loc":{"start":{"line":1,"column":4149},"end":{"line":151,"column":30}},"locations":[{"start":{"line":1,"column":4149},"end":{"line":151,"column":30}}]}},"b":{"0":[0]},"fnMap":{"0":{"name":"(empty-report)","decl":{"start":{"line":1,"column":4149},"end":{"line":151,"column":30}},"loc":{"start":{"line":1,"column":4149},"end":{"line":151,"column":30}},"line":1}},"f":{"0":0}}
,"/home/mcecilialuna/Escritorio/PROMPT-ENGINEERING/procrastinant-app/src/features/dashboard/services/tareasService.js": {"path":"/home/mcecilialuna/Escritorio/PROMPT-ENGINEERING/procrastinant-app/src/features/dashboard/services/tareasService.js","all":false,"statementMap":{"0":{"start":{"line":1,"column":0},"end":{"line":1,"column":44}},"1":{"start":{"line":2,"column":0},"end":{"line":2,"column":54}},"2":{"start":{"line":3,"column":0},"end":{"line":3,"column":94}},"4":{"start":{"line":5,"column":0},"end":{"line":5,"column":50}},"5":{"start":{"line":6,"column":0},"end":{"line":6,"column":7}},"6":{"start":{"line":7,"column":0},"end":{"line":7,"column":47}},"7":{"start":{"line":8,"column":0},"end":{"line":8,"column":81}},"8":{"start":{"line":9,"column":0},"end":{"line":9,"column":62}},"9":{"start":{"line":10,"column":0},"end":{"line":10,"column":62}},"10":{"start":{"line":11,"column":0},"end":{"line":11,"column":5}},"12":{"start":{"line":13,"column":0},"end":{"line":13,"column":13}},"13":{"start":{"line":14,"column":0},"end":{"line":14,"column":19}},"14":{"start":{"line":15,"column":0},"end":{"line":15,"column":52}},"15":{"start":{"line":16,"column":0},"end":{"line":16,"column":79}},"16":{"start":{"line":17,"column":0},"end":{"line":17,"column":3}},"17":{"start":{"line":18,"column":0},"end":{"line":18,"column":1}},"19":{"start":{"line":20,"column":0},"end":{"line":20,"column":68}},"20":{"start":{"line":21,"column":0},"end":{"line":21,"column":7}},"21":{"start":{"line":22,"column":0},"end":{"line":22,"column":71}},"22":{"start":{"line":23,"column":0},"end":{"line":23,"column":18}},"23":{"start":{"line":24,"column":0},"end":{"line":24,"column":18}},"24":{"start":{"line":25,"column":0},"end":{"line":25,"column":19}},"25":{"start":{"line":26,"column":0},"end":{"line":26,"column":6}},"26":{"start":{"line":27,"column":0},"end":{"line":27,"column":61}},"27":{"start":{"line":28,"column":0},"end":{"line":28,"column":56}},"28":{"start":{"line":29,"column":0},"end":{"line":29,"column":5}},"30":{"start":{"line":31,"column":0},"end":{"line":31,"column":15}},"31":{"start":{"line":32,"column":0},"end":{"line":32,"column":19}},"32":{"start":{"line":33,"column":0},"end":{"line":33,"column":49}},"33":{"start":{"line":34,"column":0},"end":{"line":34,"column":76}},"34":{"start":{"line":35,"column":0},"end":{"line":35,"column":3}},"35":{"start":{"line":36,"column":0},"end":{"line":36,"column":1}},"37":{"start":{"line":38,"column":0},"end":{"line":38,"column":51}},"38":{"start":{"line":39,"column":0},"end":{"line":39,"column":7}},"39":{"start":{"line":40,"column":0},"end":{"line":40,"column":81}},"41":{"start":{"line":42,"column":0},"end":{"line":42,"column":61}},"42":{"start":{"line":43,"column":0},"end":{"line":43,"column":56}},"43":{"start":{"line":44,"column":0},"end":{"line":44,"column":5}},"45":{"start":{"line":46,"column":0},"end":{"line":46,"column":15}},"46":{"start":{"line":47,"column":0},"end":{"line":47,"column":19}},"47":{"start":{"line":48,"column":0},"end":{"line":48,"column":54}},"48":{"start":{"line":49,"column":0},"end":{"line":49,"column":81}},"49":{"start":{"line":50,"column":0},"end":{"line":50,"column":3}},"50":{"start":{"line":51,"column":0},"end":{"line":51,"column":1}},"52":{"start":{"line":53,"column":0},"end":{"line":53,"column":56}},"53":{"start":{"line":54,"column":0},"end":{"line":54,"column":7}},"54":{"start":{"line":55,"column":0},"end":{"line":55,"column":46}},"56":{"start":{"line":57,"column":0},"end":{"line":57,"column":80}},"58":{"start":{"line":59,"column":0},"end":{"line":59,"column":61}},"59":{"start":{"line":60,"column":0},"end":{"line":60,"column":56}},"60":{"start":{"line":61,"column":0},"end":{"line":61,"column":5}},"62":{"start":{"line":63,"column":0},"end":{"line":63,"column":15}},"63":{"start":{"line":64,"column":0},"end":{"line":64,"column":19}},"64":{"start":{"line":65,"column":0},"end":{"line":65,"column":61}},"65":{"start":{"line":66,"column":0},"end":{"line":66,"column":88}},"66":{"start":{"line":67,"column":0},"end":{"line":67,"column":3}},"67":{"start":{"line":68,"column":0},"end":{"line":68,"column":1}},"69":{"start":{"line":70,"column":0},"end":{"line":70,"column":42}},"70":{"start":{"line":71,"column":0},"end":{"line":71,"column":7}},"71":{"start":{"line":72,"column":0},"end":{"line":72,"column":58}},"72":{"start":{"line":73,"column":0},"end":{"line":73,"column":19}},"73":{"start":{"line":74,"column":0},"end":{"line":74,"column":52}},"74":{"start":{"line":75,"column":0},"end":{"line":75,"column":79}},"75":{"start":{"line":76,"column":0},"end":{"line":76,"column":3}},"76":{"start":{"line":77,"column":0},"end":{"line":77,"column":1}}},"s":{"0":1,"1":1,"2":1,"4":1,"5":6,"6":6,"7":6,"8":6,"9":3,"10":3,"12":1,"13":6,"14":2,"15":2,"16":2,"17":6,"19":1,"20":5,"21":5,"22":5,"23":5,"24":5,"25":5,"26":5,"27":2,"28":2,"30":1,"31":5,"32":2,"33":2,"34":2,"35":5,"37":1,"38":4,"39":4,"41":4,"42":1,"43":1,"45":1,"46":4,"47":2,"48":2,"49":2,"50":4,"52":1,"53":5,"54":5,"56":5,"58":5,"59":3,"60":3,"62":1,"63":1,"64":1,"65":1,"66":1,"67":5,"69":1,"70":4,"71":4,"72":4,"73":3,"74":3,"75":3,"76":4},"branchMap":{"0":{"type":"branch","line":5,"loc":{"start":{"line":5,"column":25},"end":{"line":18,"column":1}},"locations":[{"start":{"line":5,"column":25},"end":{"line":18,"column":1}}]},"1":{"type":"branch","line":8,"loc":{"start":{"line":8,"column":80},"end":{"line":9,"column":30}},"locations":[{"start":{"line":8,"column":80},"end":{"line":9,"column":30}}]},"2":{"type":"branch","line":9,"loc":{"start":{"line":9,"column":30},"end":{"line":9,"column":59}},"locations":[{"start":{"line":9,"column":30},"end":{"line":9,"column":59}}]},"3":{"type":"branch","line":9,"loc":{"start":{"line":9,"column":61},"end":{"line":11,"column":5}},"locations":[{"start":{"line":9,"column":61},"end":{"line":11,"column":5}}]},"4":{"type":"branch","line":11,"loc":{"start":{"line":11,"column":4},"end":{"line":14,"column":4}},"locations":[{"start":{"line":11,"column":4},"end":{"line":14,"column":4}}]},"5":{"type":"branch","line":14,"loc":{"start":{"line":14,"column":4},"end":{"line":17,"column":3}},"locations":[{"start":{"line":14,"column":4},"end":{"line":17,"column":3}}]},"6":{"type":"branch","line":16,"loc":{"start":{"line":16,"column":34},"end":{"line":16,"column":49}},"locations":[{"start":{"line":16,"column":34},"end":{"line":16,"column":49}}]},"7":{"type":"branch","line":16,"loc":{"start":{"line":16,"column":50},"end":{"line":16,"column":78}},"locations":[{"start":{"line":16,"column":50},"end":{"line":16,"column":78}}]},"8":{"type":"branch","line":20,"loc":{"start":{"line":20,"column":27},"end":{"line":36,"column":1}},"locations":[{"start":{"line":20,"column":27},"end":{"line":36,"column":1}}]},"9":{"type":"branch","line":26,"loc":{"start":{"line":26,"column":5},"end":{"line":27,"column":30}},"locations":[{"start":{"line":26,"column":5},"end":{"line":27,"column":30}}]},"10":{"type":"branch","line":27,"loc":{"start":{"line":27,"column":30},"end":{"line":27,"column":58}},"locations":[{"start":{"line":27,"column":30},"end":{"line":27,"column":58}}]},"11":{"type":"branch","line":27,"loc":{"start":{"line":27,"column":60},"end":{"line":29,"column":5}},"locations":[{"start":{"line":27,"column":60},"end":{"line":29,"column":5}}]},"12":{"type":"branch","line":29,"loc":{"start":{"line":29,"column":4},"end":{"line":32,"column":4}},"locations":[{"start":{"line":29,"column":4},"end":{"line":32,"column":4}}]},"13":{"type":"branch","line":32,"loc":{"start":{"line":32,"column":4},"end":{"line":35,"column":3}},"locations":[{"start":{"line":32,"column":4},"end":{"line":35,"column":3}}]},"14":{"type":"branch","line":34,"loc":{"start":{"line":34,"column":34},"end":{"line":34,"column":49}},"locations":[{"start":{"line":34,"column":34},"end":{"line":34,"column":49}}]},"15":{"type":"branch","line":34,"loc":{"start":{"line":34,"column":50},"end":{"line":34,"column":75}},"locations":[{"start":{"line":34,"column":50},"end":{"line":34,"column":75}}]},"16":{"type":"branch","line":38,"loc":{"start":{"line":38,"column":27},"end":{"line":51,"column":1}},"locations":[{"start":{"line":38,"column":27},"end":{"line":51,"column":1}}]},"17":{"type":"branch","line":40,"loc":{"start":{"line":40,"column":80},"end":{"line":42,"column":30}},"locations":[{"start":{"line":40,"column":80},"end":{"line":42,"column":30}}]},"18":{"type":"branch","line":42,"loc":{"start":{"line":42,"column":30},"end":{"line":42,"column":58}},"locations":[{"start":{"line":42,"column":30},"end":{"line":42,"column":58}}]},"19":{"type":"branch","line":42,"loc":{"start":{"line":42,"column":60},"end":{"line":47,"column":4}},"locations":[{"start":{"line":42,"column":60},"end":{"line":47,"column":4}}]},"20":{"type":"branch","line":47,"loc":{"start":{"line":47,"column":4},"end":{"line":50,"column":3}},"locations":[{"start":{"line":47,"column":4},"end":{"line":50,"column":3}}]},"21":{"type":"branch","line":49,"loc":{"start":{"line":49,"column":34},"end":{"line":49,"column":49}},"locations":[{"start":{"line":49,"column":34},"end":{"line":49,"column":49}}]},"22":{"type":"branch","line":49,"loc":{"start":{"line":49,"column":50},"end":{"line":49,"column":80}},"locations":[{"start":{"line":49,"column":50},"end":{"line":49,"column":80}}]},"23":{"type":"branch","line":53,"loc":{"start":{"line":53,"column":27},"end":{"line":68,"column":1}},"locations":[{"start":{"line":53,"column":27},"end":{"line":68,"column":1}}]},"24":{"type":"branch","line":55,"loc":{"start":{"line":55,"column":32},"end":{"line":55,"column":41}},"locations":[{"start":{"line":55,"column":32},"end":{"line":55,"column":41}}]},"25":{"type":"branch","line":55,"loc":{"start":{"line":55,"column":42},"end":{"line":55,"column":46}},"locations":[{"start":{"line":55,"column":42},"end":{"line":55,"column":46}}]},"26":{"type":"branch","line":57,"loc":{"start":{"line":57,"column":79},"end":{"line":59,"column":30}},"locations":[{"start":{"line":57,"column":79},"end":{"line":59,"column":30}}]},"27":{"type":"branch","line":59,"loc":{"start":{"line":59,"column":30},"end":{"line":59,"column":58}},"locations":[{"start":{"line":59,"column":30},"end":{"line":59,"column":58}}]},"28":{"type":"branch","line":59,"loc":{"start":{"line":59,"column":60},"end":{"line":61,"column":5}},"locations":[{"start":{"line":59,"column":60},"end":{"line":61,"column":5}}]},"29":{"type":"branch","line":61,"loc":{"start":{"line":61,"column":4},"end":{"line":67,"column":3}},"locations":[{"start":{"line":61,"column":4},"end":{"line":67,"column":3}}]},"30":{"type":"branch","line":66,"loc":{"start":{"line":66,"column":50},"end":{"line":66,"column":87}},"locations":[{"start":{"line":66,"column":50},"end":{"line":66,"column":87}}]},"31":{"type":"branch","line":70,"loc":{"start":{"line":70,"column":27},"end":{"line":77,"column":1}},"locations":[{"start":{"line":70,"column":27},"end":{"line":77,"column":1}}]},"32":{"type":"branch","line":72,"loc":{"start":{"line":72,"column":57},"end":{"line":73,"column":4}},"locations":[{"start":{"line":72,"column":57},"end":{"line":73,"column":4}}]},"33":{"type":"branch","line":73,"loc":{"start":{"line":73,"column":4},"end":{"line":76,"column":3}},"locations":[{"start":{"line":73,"column":4},"end":{"line":76,"column":3}}]},"34":{"type":"branch","line":75,"loc":{"start":{"line":75,"column":34},"end":{"line":75,"column":49}},"locations":[{"start":{"line":75,"column":34},"end":{"line":75,"column":49}}]},"35":{"type":"branch","line":75,"loc":{"start":{"line":75,"column":50},"end":{"line":75,"column":78}},"locations":[{"start":{"line":75,"column":50},"end":{"line":75,"column":78}}]}},"b":{"0":[6],"1":[4],"2":[3],"3":[3],"4":[1],"5":[2],"6":[1],"7":[1],"8":[5],"9":[3],"10":[2],"11":[2],"12":[1],"13":[2],"14":[1],"15":[1],"16":[4],"17":[2],"18":[1],"19":[1],"20":[2],"21":[1],"22":[1],"23":[5],"24":[2],"25":[3],"26":[4],"27":[3],"28":[3],"29":[1],"30":[0],"31":[4],"32":[1],"33":[3],"34":[2],"35":[1]},"fnMap":{"0":{"name":"getTareas","decl":{"start":{"line":5,"column":25},"end":{"line":18,"column":1}},"loc":{"start":{"line":5,"column":25},"end":{"line":18,"column":1}},"line":5},"1":{"name":"createTarea","decl":{"start":{"line":20,"column":27},"end":{"line":36,"column":1}},"loc":{"start":{"line":20,"column":27},"end":{"line":36,"column":1}},"line":20},"2":{"name":"updateTarea","decl":{"start":{"line":38,"column":27},"end":{"line":51,"column":1}},"loc":{"start":{"line":38,"column":27},"end":{"line":51,"column":1}},"line":38},"3":{"name":"toggleTarea","decl":{"start":{"line":53,"column":27},"end":{"line":68,"column":1}},"loc":{"start":{"line":53,"column":27},"end":{"line":68,"column":1}},"line":53},"4":{"name":"deleteTarea","decl":{"start":{"line":70,"column":27},"end":{"line":77,"column":1}},"loc":{"start":{"line":70,"column":27},"end":{"line":77,"column":1}},"line":70}},"f":{"0":6,"1":5,"2":4,"3":5,"4":4}}
,"/home/mcecilialuna/Escritorio/PROMPT-ENGINEERING/procrastinant-app/src/hooks/useApi.js": {"path":"/home/mcecilialuna/Escritorio/PROMPT-ENGINEERING/procrastinant-app/src/hooks/useApi.js","all":true,"statementMap":{"0":{"start":{"line":1,"column":0},"end":{"line":1,"column":30}},"2":{"start":{"line":3,"column":0},"end":{"line":3,"column":29}},"3":{"start":{"line":4,"column":0},"end":{"line":4,"column":40}},"4":{"start":{"line":5,"column":0},"end":{"line":5,"column":42}},"5":{"start":{"line":6,"column":0},"end":{"line":6,"column":51}},"7":{"start":{"line":8,"column":0},"end":{"line":8,"column":51}},"8":{"start":{"line":9,"column":0},"end":{"line":9,"column":9}},"9":{"start":{"line":10,"column":0},"end":{"line":10,"column":24}},"10":{"start":{"line":11,"column":0},"end":{"line":11,"column":20}},"12":{"start":{"line":13,"column":0},"end":{"line":13,"column":47}},"14":{"start":{"line":15,"column":0},"end":{"line":15,"column":21}},"15":{"start":{"line":16,"column":0},"end":{"line":16,"column":25}},"17":{"start":{"line":18,"column":0},"end":{"line":18,"column":19}},"18":{"start":{"line":19,"column":0},"end":{"line":19,"column":19}},"19":{"start":{"line":20,"column":0},"end":{"line":20,"column":53}},"20":{"start":{"line":21,"column":0},"end":{"line":21,"column":25}},"21":{"start":{"line":22,"column":0},"end":{"line":22,"column":15}},"22":{"start":{"line":23,"column":0},"end":{"line":23,"column":5}},"23":{"start":{"line":24,"column":0},"end":{"line":24,"column":3}},"25":{"start":{"line":26,"column":0},"end":{"line":26,"column":23}},"26":{"start":{"line":27,"column":0},"end":{"line":27,"column":17}},"27":{"start":{"line":28,"column":0},"end":{"line":28,"column":18}},"28":{"start":{"line":29,"column":0},"end":{"line":29,"column":23}},"29":{"start":{"line":30,"column":0},"end":{"line":30,"column":3}},"31":{"start":{"line":32,"column":0},"end":{"line":32,"column":10}},"32":{"start":{"line":33,"column":0},"end":{"line":33,"column":9}},"33":{"start":{"line":34,"column":0},"end":{"line":34,"column":10}},"34":{"start":{"line":35,"column":0},"end":{"line":35,"column":14}},"36":{"start":{"line":37,"column":0},"end":{"line":37,"column":12}},"37":{"start":{"line":38,"column":0},"end":{"line":38,"column":10}},"38":{"start":{"line":39,"column":0},"end":{"line":39,"column":3}},"39":{"start":{"line":40,"column":0},"end":{"line":40,"column":1}}},"s":{"0":0,"2":0,"3":0,"4":0,"5":0,"7":0,"8":0,"9":0,"10":0,"12":0,"14":0,"15":0,"17":0,"18":0,"19":0,"20":0,"21":0,"22":0,"23":0,"25":0,"26":0,"27":0,"28":0,"29":0,"31":0,"32":0,"33":0,"34":0,"36":0,"37":0,"38":0,"39":0},"branchMap":{"0":{"type":"branch","line":1,"loc":{"start":{"line":1,"column":720},"end":{"line":40,"column":1}},"locations":[{"start":{"line":1,"column":720},"end":{"line":40,"column":1}}]}},"b":{"0":[0]},"fnMap":{"0":{"name":"(empty-report)","decl":{"start":{"line":1,"column":720},"end":{"line":40,"column":1}},"loc":{"start":{"line":1,"column":720},"end":{"line":40,"column":1}},"line":1}},"f":{"0":0}}
,"/home/mcecilialuna/Escritorio/PROMPT-ENGINEERING/procrastinant-app/src/hooks/useAuth.js": {"path":"/home/mcecilialuna/Escritorio/PROMPT-ENGINEERING/procrastinant-app/src/hooks/useAuth.js","all":true,"statementMap":{"0":{"start":{"line":1,"column":0},"end":{"line":1,"column":48}},"1":{"start":{"line":2,"column":0},"end":{"line":2,"column":77}},"2":{"start":{"line":3,"column":0},"end":{"line":3,"column":35}},"4":{"start":{"line":5,"column":0},"end":{"line":5,"column":30}},"5":{"start":{"line":6,"column":0},"end":{"line":6,"column":9}},"6":{"start":{"line":7,"column":0},"end":{"line":7,"column":9}},"7":{"start":{"line":8,"column":0},"end":{"line":8,"column":10}},"8":{"start":{"line":9,"column":0},"end":{"line":9,"column":20}},"9":{"start":{"line":10,"column":0},"end":{"line":10,"column":22}},"10":{"start":{"line":11,"column":0},"end":{"line":11,"column":24}},"11":{"start":{"line":12,"column":0},"end":{"line":12,"column":32}},"12":{"start":{"line":13,"column":0},"end":{"line":13,"column":20}},"13":{"start":{"line":14,"column":0},"end":{"line":14,"column":45}},"15":{"start":{"line":16,"column":0},"end":{"line":16,"column":44}},"16":{"start":{"line":17,"column":0},"end":{"line":17,"column":9}},"17":{"start":{"line":18,"column":0},"end":{"line":18,"column":63}},"19":{"start":{"line":20,"column":0},"end":{"line":20,"column":29}},"20":{"start":{"line":21,"column":0},"end":{"line":21,"column":49}},"21":{"start":{"line":22,"column":0},"end":{"line":22,"column":45}},"22":{"start":{"line":23,"column":0},"end":{"line":23,"column":19}},"23":{"start":{"line":24,"column":0},"end":{"line":24,"column":7}},"25":{"start":{"line":26,"column":0},"end":{"line":26,"column":18}},"26":{"start":{"line":27,"column":0},"end":{"line":27,"column":21}},"27":{"start":{"line":28,"column":0},"end":{"line":28,"column":59}},"28":{"start":{"line":29,"column":0},"end":{"line":29,"column":18}},"29":{"start":{"line":30,"column":0},"end":{"line":30,"column":5}},"30":{"start":{"line":31,"column":0},"end":{"line":31,"column":3}},"31":{"start":{"line":32,"column":0},"end":{"line":32,"column":40}},"32":{"start":{"line":33,"column":0},"end":{"line":33,"column":9}},"33":{"start":{"line":34,"column":0},"end":{"line":34,"column":59}},"35":{"start":{"line":36,"column":0},"end":{"line":36,"column":29}},"36":{"start":{"line":37,"column":0},"end":{"line":37,"column":49}},"37":{"start":{"line":38,"column":0},"end":{"line":38,"column":51}},"38":{"start":{"line":39,"column":0},"end":{"line":39,"column":19}},"39":{"start":{"line":40,"column":0},"end":{"line":40,"column":7}},"41":{"start":{"line":42,"column":0},"end":{"line":42,"column":18}},"42":{"start":{"line":43,"column":0},"end":{"line":43,"column":21}},"43":{"start":{"line":44,"column":0},"end":{"line":44,"column":62}},"44":{"start":{"line":45,"column":0},"end":{"line":45,"column":18}},"45":{"start":{"line":46,"column":0},"end":{"line":46,"column":5}},"46":{"start":{"line":47,"column":0},"end":{"line":47,"column":3}},"48":{"start":{"line":49,"column":0},"end":{"line":49,"column":30}},"49":{"start":{"line":50,"column":0},"end":{"line":50,"column":9}},"50":{"start":{"line":51,"column":0},"end":{"line":51,"column":32}},"51":{"start":{"line":52,"column":0},"end":{"line":52,"column":19}},"52":{"start":{"line":53,"column":0},"end":{"line":53,"column":35}},"53":{"start":{"line":54,"column":0},"end":{"line":54,"column":21}},"54":{"start":{"line":55,"column":0},"end":{"line":55,"column":19}},"55":{"start":{"line":56,"column":0},"end":{"line":56,"column":53}},"56":{"start":{"line":57,"column":0},"end":{"line":57,"column":5}},"57":{"start":{"line":58,"column":0},"end":{"line":58,"column":3}},"59":{"start":{"line":60,"column":0},"end":{"line":60,"column":36}},"60":{"start":{"line":61,"column":0},"end":{"line":61,"column":29}},"61":{"start":{"line":62,"column":0},"end":{"line":62,"column":3}},"63":{"start":{"line":64,"column":0},"end":{"line":64,"column":10}},"64":{"start":{"line":65,"column":0},"end":{"line":65,"column":9}},"65":{"start":{"line":66,"column":0},"end":{"line":66,"column":10}},"66":{"start":{"line":67,"column":0},"end":{"line":67,"column":20}},"68":{"start":{"line":69,"column":0},"end":{"line":69,"column":10}},"69":{"start":{"line":70,"column":0},"end":{"line":70,"column":13}},"70":{"start":{"line":71,"column":0},"end":{"line":71,"column":11}},"71":{"start":{"line":72,"column":0},"end":{"line":72,"column":15}},"72":{"start":{"line":73,"column":0},"end":{"line":73,"column":3}},"73":{"start":{"line":74,"column":0},"end":{"line":74,"column":1}}},"s":{"0":0,"1":0,"2":0,"4":0,"5":0,"6":0,"7":0,"8":0,"9":0,"10":0,"11":0,"12":0,"13":0,"15":0,"16":0,"17":0,"19":0,"20":0,"21":0,"22":0,"23":0,"25":0,"26":0,"27":0,"28":0,"29":0,"30":0,"31":0,"32":0,"33":0,"35":0,"36":0,"37":0,"38":0,"39":0,"41":0,"42":0,"43":0,"44":0,"45":0,"46":0,"48":0,"49":0,"50":0,"51":0,"52":0,"53":0,"54":0,"55":0,"56":0,"57":0,"59":0,"60":0,"61":0,"63":0,"64":0,"65":0,"66":0,"68":0,"69":0,"70":0,"71":0,"72":0,"73":0},"branchMap":{"0":{"type":"branch","line":1,"loc":{"start":{"line":1,"column":1629},"end":{"line":74,"column":1}},"locations":[{"start":{"line":1,"column":1629},"end":{"line":74,"column":1}}]}},"b":{"0":[0]},"fnMap":{"0":{"name":"(empty-report)","decl":{"start":{"line":1,"column":1629},"end":{"line":74,"column":1}},"loc":{"start":{"line":1,"column":1629},"end":{"line":74,"column":1}},"line":1}},"f":{"0":0}}
[...]
,"/home/mcecilialuna/Escritorio/PROMPT-ENGINEERING/procrastinant-app/src/stores/uiStore.js": {"path":"/home/mcecilialuna/Escritorio/PROMPT-ENGINEERING/procrastinant-app/src/stores/uiStore.js","all":false,"statementMap":{"0":{"start":{"line":1,"column":0},"end":{"line":1,"column":58}},"1":{"start":{"line":2,"column":0},"end":{"line":2,"column":65}},"3":{"start":{"line":4,"column":0},"end":{"line":4,"column":33}},"4":{"start":{"line":5,"column":0},"end":{"line":5,"column":11}},"5":{"start":{"line":6,"column":0},"end":{"line":6,"column":15}},"6":{"start":{"line":7,"column":0},"end":{"line":7,"column":23}},"7":{"start":{"line":8,"column":0},"end":{"line":8,"column":17}},"9":{"start":{"line":10,"column":0},"end":{"line":10,"column":15}},"10":{"start":{"line":11,"column":0},"end":{"line":11,"column":21}},"11":{"start":{"line":12,"column":0},"end":{"line":12,"column":24}},"12":{"start":{"line":13,"column":0},"end":{"line":13,"column":23}},"13":{"start":{"line":14,"column":0},"end":{"line":14,"column":10}},"14":{"start":{"line":15,"column":0},"end":{"line":15,"column":24}},"15":{"start":{"line":16,"column":0},"end":{"line":16,"column":24}},"16":{"start":{"line":17,"column":0},"end":{"line":17,"column":10}},"17":{"start":{"line":18,"column":0},"end":{"line":18,"column":8}},"18":{"start":{"line":19,"column":0},"end":{"line":19,"column":50}},"20":{"start":{"line":21,"column":0},"end":{"line":21,"column":62}},"21":{"start":{"line":22,"column":0},"end":{"line":22,"column":57}},"23":{"start":{"line":24,"column":0},"end":{"line":24,"column":25}},"24":{"start":{"line":25,"column":0},"end":{"line":25,"column":19}},"25":{"start":{"line":26,"column":0},"end":{"line":26,"column":28}},"26":{"start":{"line":27,"column":0},"end":{"line":27,"column":13}},"27":{"start":{"line":28,"column":0},"end":{"line":28,"column":17}},"28":{"start":{"line":29,"column":0},"end":{"line":29,"column":22}},"29":{"start":{"line":30,"column":0},"end":{"line":30,"column":19}},"30":{"start":{"line":31,"column":0},"end":{"line":31,"column":23}},"31":{"start":{"line":32,"column":0},"end":{"line":32,"column":14}},"32":{"start":{"line":33,"column":0},"end":{"line":33,"column":12}},"33":{"start":{"line":34,"column":0},"end":{"line":34,"column":11}},"35":{"start":{"line":36,"column":0},"end":{"line":36,"column":17}},"36":{"start":{"line":37,"column":0},"end":{"line":37,"column":8}},"37":{"start":{"line":38,"column":0},"end":{"line":38,"column":26}},"38":{"start":{"line":39,"column":0},"end":{"line":39,"column":25}},"39":{"start":{"line":40,"column":0},"end":{"line":40,"column":66}},"40":{"start":{"line":41,"column":0},"end":{"line":41,"column":12}},"41":{"start":{"line":42,"column":0},"end":{"line":42,"column":42}},"42":{"start":{"line":43,"column":0},"end":{"line":43,"column":25}},"43":{"start":{"line":44,"column":0},"end":{"line":44,"column":19}},"44":{"start":{"line":45,"column":0},"end":{"line":45,"column":28}},"45":{"start":{"line":46,"column":0},"end":{"line":46,"column":26}},"46":{"start":{"line":47,"column":0},"end":{"line":47,"column":27}},"47":{"start":{"line":48,"column":0},"end":{"line":48,"column":22}},"48":{"start":{"line":49,"column":0},"end":{"line":49,"column":14}},"49":{"start":{"line":50,"column":0},"end":{"line":50,"column":12}},"50":{"start":{"line":51,"column":0},"end":{"line":51,"column":12}},"51":{"start":{"line":52,"column":0},"end":{"line":52,"column":32}},"52":{"start":{"line":53,"column":0},"end":{"line":53,"column":25}},"53":{"start":{"line":54,"column":0},"end":{"line":54,"column":19}},"54":{"start":{"line":55,"column":0},"end":{"line":55,"column":28}},"55":{"start":{"line":56,"column":0},"end":{"line":56,"column":26}},"56":{"start":{"line":57,"column":0},"end":{"line":57,"column":28}},"57":{"start":{"line":58,"column":0},"end":{"line":58,"column":64}},"58":{"start":{"line":59,"column":0},"end":{"line":59,"column":14}},"59":{"start":{"line":60,"column":0},"end":{"line":60,"column":12}},"60":{"start":{"line":61,"column":0},"end":{"line":61,"column":12}},"61":{"start":{"line":62,"column":0},"end":{"line":62,"column":7}},"62":{"start":{"line":63,"column":0},"end":{"line":63,"column":22}},"63":{"start":{"line":64,"column":0},"end":{"line":64,"column":4}},"64":{"start":{"line":65,"column":0},"end":{"line":65,"column":1}}},"s":{"0":1,"1":1,"3":1,"4":1,"5":1,"6":6,"7":6,"9":6,"10":6,"11":6,"12":6,"13":6,"14":6,"15":6,"16":6,"17":6,"18":6,"20":6,"21":16,"23":16,"24":16,"25":16,"26":16,"27":16,"28":16,"29":16,"30":16,"31":16,"32":16,"33":16,"35":16,"36":6,"37":6,"38":16,"39":16,"40":6,"41":6,"42":10,"43":10,"44":10,"45":10,"46":10,"47":10,"48":10,"49":10,"50":6,"51":6,"52":47,"53":47,"54":47,"55":47,"56":47,"57":47,"58":47,"59":47,"60":6,"61":1,"62":1,"63":1,"64":1},"branchMap":{"0":{"type":"branch","line":6,"loc":{"start":{"line":6,"column":4},"end":{"line":62,"column":6}},"locations":[{"start":{"line":6,"column":4},"end":{"line":62,"column":6}}]},"1":{"type":"branch","line":19,"loc":{"start":{"line":19,"column":18},"end":{"line":19,"column":49}},"locations":[{"start":{"line":19,"column":18},"end":{"line":19,"column":49}}]},"2":{"type":"branch","line":21,"loc":{"start":{"line":21,"column":16},"end":{"line":37,"column":7}},"locations":[{"start":{"line":21,"column":16},"end":{"line":37,"column":7}}]},"3":{"type":"branch","line":24,"loc":{"start":{"line":24,"column":12},"end":{"line":34,"column":10}},"locations":[{"start":{"line":24,"column":12},"end":{"line":34,"column":10}}]},"4":{"type":"branch","line":38,"loc":{"start":{"line":38,"column":19},"end":{"line":41,"column":11}},"locations":[{"start":{"line":38,"column":19},"end":{"line":41,"column":11}}]},"5":{"type":"branch","line":39,"loc":{"start":{"line":39,"column":12},"end":{"line":41,"column":10}},"locations":[{"start":{"line":39,"column":12},"end":{"line":41,"column":10}}]},"6":{"type":"branch","line":40,"loc":{"start":{"line":40,"column":38},"end":{"line":40,"column":64}},"locations":[{"start":{"line":40,"column":38},"end":{"line":40,"column":64}}]},"7":{"type":"branch","line":42,"loc":{"start":{"line":42,"column":17},"end":{"line":51,"column":11}},"locations":[{"start":{"line":42,"column":17},"end":{"line":51,"column":11}}]},"8":{"type":"branch","line":43,"loc":{"start":{"line":43,"column":12},"end":{"line":51,"column":10}},"locations":[{"start":{"line":43,"column":12},"end":{"line":51,"column":10}}]},"9":{"type":"branch","line":52,"loc":{"start":{"line":52,"column":18},"end":{"line":61,"column":11}},"locations":[{"start":{"line":52,"column":18},"end":{"line":61,"column":11}}]},"10":{"type":"branch","line":53,"loc":{"start":{"line":53,"column":12},"end":{"line":61,"column":10}},"locations":[{"start":{"line":53,"column":12},"end":{"line":61,"column":10}}]},"11":{"type":"branch","line":58,"loc":{"start":{"line":58,"column":45},"end":{"line":58,"column":62}},"locations":[{"start":{"line":58,"column":45},"end":{"line":58,"column":62}}]}},"b":{"0":[6],"1":[38],"2":[16],"3":[16],"4":[16],"5":[16],"6":[23],"7":[10],"8":[10],"9":[47],"10":[47],"11":[24]},"fnMap":{"0":{"name":"useUIStore.name","decl":{"start":{"line":6,"column":4},"end":{"line":62,"column":6}},"loc":{"start":{"line":6,"column":4},"end":{"line":62,"column":6}},"line":6},"1":{"name":"setLoading","decl":{"start":{"line":19,"column":18},"end":{"line":19,"column":49}},"loc":{"start":{"line":19,"column":18},"end":{"line":19,"column":49}},"line":19},"2":{"name":"addToast","decl":{"start":{"line":21,"column":16},"end":{"line":37,"column":7}},"loc":{"start":{"line":21,"column":16},"end":{"line":37,"column":7}},"line":21},"3":{"name":"removeToast","decl":{"start":{"line":38,"column":19},"end":{"line":41,"column":11}},"loc":{"start":{"line":38,"column":19},"end":{"line":41,"column":11}},"line":38},"4":{"name":"openModal","decl":{"start":{"line":42,"column":17},"end":{"line":51,"column":11}},"loc":{"start":{"line":42,"column":17},"end":{"line":51,"column":11}},"line":42},"5":{"name":"closeModal","decl":{"start":{"line":52,"column":18},"end":{"line":61,"column":11}},"loc":{"start":{"line":52,"column":18},"end":{"line":61,"column":11}},"line":52}},"f":{"0":6,"1":38,"2":16,"3":16,"4":10,"5":47}}
,"/home/mcecilialuna/Escritorio/PROMPT-ENGINEERING/procrastinant-app/src/utils/errorMessages.js": {"path":"/home/mcecilialuna/Escritorio/PROMPT-ENGINEERING/procrastinant-app/src/utils/errorMessages.js","all":false,"statementMap":{"0":{"start":{"line":1,"column":0},"end":{"line":1,"column":64}},"1":{"start":{"line":2,"column":0},"end":{"line":2,"column":71}},"3":{"start":{"line":4,"column":0},"end":{"line":4,"column":20}},"4":{"start":{"line":5,"column":0},"end":{"line":5,"column":64}},"5":{"start":{"line":6,"column":0},"end":{"line":6,"column":31}},"6":{"start":{"line":7,"column":0},"end":{"line":7,"column":76}},"7":{"start":{"line":8,"column":0},"end":{"line":8,"column":17}},"8":{"start":{"line":9,"column":0},"end":{"line":9,"column":111}},"9":{"start":{"line":10,"column":0},"end":{"line":10,"column":39}},"10":{"start":{"line":11,"column":0},"end":{"line":11,"column":6}},"11":{"start":{"line":12,"column":0},"end":{"line":12,"column":33}},"12":{"start":{"line":13,"column":0},"end":{"line":13,"column":76}},"13":{"start":{"line":14,"column":0},"end":{"line":14,"column":82}},"14":{"start":{"line":15,"column":0},"end":{"line":15,"column":39}},"15":{"start":{"line":16,"column":0},"end":{"line":16,"column":6}},"16":{"start":{"line":17,"column":0},"end":{"line":17,"column":28}},"17":{"start":{"line":18,"column":0},"end":{"line":18,"column":58}},"18":{"start":{"line":19,"column":0},"end":{"line":19,"column":53}},"19":{"start":{"line":20,"column":0},"end":{"line":20,"column":34}},"20":{"start":{"line":21,"column":0},"end":{"line":21,"column":6}},"21":{"start":{"line":22,"column":0},"end":{"line":22,"column":34}},"22":{"start":{"line":23,"column":0},"end":{"line":23,"column":47}},"23":{"start":{"line":24,"column":0},"end":{"line":24,"column":63}},"24":{"start":{"line":25,"column":0},"end":{"line":25,"column":40}},"25":{"start":{"line":26,"column":0},"end":{"line":26,"column":6}},"26":{"start":{"line":27,"column":0},"end":{"line":27,"column":27}},"27":{"start":{"line":28,"column":0},"end":{"line":28,"column":50}},"28":{"start":{"line":29,"column":0},"end":{"line":29,"column":68}},"29":{"start":{"line":30,"column":0},"end":{"line":30,"column":33}},"30":{"start":{"line":31,"column":0},"end":{"line":31,"column":6}},"31":{"start":{"line":32,"column":0},"end":{"line":32,"column":27}},"32":{"start":{"line":33,"column":0},"end":{"line":33,"column":53}},"33":{"start":{"line":34,"column":0},"end":{"line":34,"column":71}},"34":{"start":{"line":35,"column":0},"end":{"line":35,"column":33}},"35":{"start":{"line":36,"column":0},"end":{"line":36,"column":6}},"37":{"start":{"line":38,"column":0},"end":{"line":38,"column":22}},"38":{"start":{"line":39,"column":0},"end":{"line":39,"column":35}},"39":{"start":{"line":40,"column":0},"end":{"line":40,"column":74}},"40":{"start":{"line":41,"column":0},"end":{"line":41,"column":28}},"41":{"start":{"line":42,"column":0},"end":{"line":42,"column":6}},"42":{"start":{"line":43,"column":0},"end":{"line":43,"column":26}},"43":{"start":{"line":44,"column":0},"end":{"line":44,"column":56}},"44":{"start":{"line":45,"column":0},"end":{"line":45,"column":74}},"45":{"start":{"line":46,"column":0},"end":{"line":46,"column":28}},"46":{"start":{"line":47,"column":0},"end":{"line":47,"column":6}},"48":{"start":{"line":49,"column":0},"end":{"line":49,"column":23}},"49":{"start":{"line":50,"column":0},"end":{"line":50,"column":52}},"50":{"start":{"line":51,"column":0},"end":{"line":51,"column":72}},"51":{"start":{"line":52,"column":0},"end":{"line":52,"column":29}},"52":{"start":{"line":53,"column":0},"end":{"line":53,"column":6}},"53":{"start":{"line":54,"column":0},"end":{"line":54,"column":27}},"54":{"start":{"line":55,"column":0},"end":{"line":55,"column":43}},"55":{"start":{"line":56,"column":0},"end":{"line":56,"column":57}},"56":{"start":{"line":57,"column":0},"end":{"line":57,"column":33}},"57":{"start":{"line":58,"column":0},"end":{"line":58,"column":6}},"58":{"start":{"line":59,"column":0},"end":{"line":59,"column":27}},"59":{"start":{"line":60,"column":0},"end":{"line":60,"column":48}},"60":{"start":{"line":61,"column":0},"end":{"line":61,"column":63}},"61":{"start":{"line":62,"column":0},"end":{"line":62,"column":33}},"62":{"start":{"line":63,"column":0},"end":{"line":63,"column":6}},"63":{"start":{"line":64,"column":0},"end":{"line":64,"column":27}},"64":{"start":{"line":65,"column":0},"end":{"line":65,"column":46}},"65":{"start":{"line":66,"column":0},"end":{"line":66,"column":57}},"66":{"start":{"line":67,"column":0},"end":{"line":67,"column":33}},"67":{"start":{"line":68,"column":0},"end":{"line":68,"column":6}},"69":{"start":{"line":70,"column":0},"end":{"line":70,"column":30}},"70":{"start":{"line":71,"column":0},"end":{"line":71,"column":49}},"71":{"start":{"line":72,"column":0},"end":{"line":72,"column":77}},"72":{"start":{"line":73,"column":0},"end":{"line":73,"column":36}},"73":{"start":{"line":74,"column":0},"end":{"line":74,"column":6}},"74":{"start":{"line":75,"column":0},"end":{"line":75,"column":27}},"75":{"start":{"line":76,"column":0},"end":{"line":76,"column":51}},"76":{"start":{"line":77,"column":0},"end":{"line":77,"column":64}},"77":{"start":{"line":78,"column":0},"end":{"line":78,"column":33}},"78":{"start":{"line":79,"column":0},"end":{"line":79,"column":6}},"80":{"start":{"line":81,"column":0},"end":{"line":81,"column":14}},"81":{"start":{"line":82,"column":0},"end":{"line":82,"column":45}},"82":{"start":{"line":83,"column":0},"end":{"line":83,"column":61}},"83":{"start":{"line":84,"column":0},"end":{"line":84,"column":22}},"84":{"start":{"line":85,"column":0},"end":{"line":85,"column":6}},"85":{"start":{"line":86,"column":0},"end":{"line":86,"column":3}},"87":{"start":{"line":88,"column":0},"end":{"line":88,"column":87}},"89":{"start":{"line":90,"column":0},"end":{"line":90,"column":10}},"90":{"start":{"line":91,"column":0},"end":{"line":91,"column":31}},"91":{"start":{"line":92,"column":0},"end":{"line":92,"column":37}},"92":{"start":{"line":93,"column":0},"end":{"line":93,"column":25}},"93":{"start":{"line":94,"column":0},"end":{"line":94,"column":3}},"94":{"start":{"line":95,"column":0},"end":{"line":95,"column":1}},"96":{"start":{"line":97,"column":0},"end":{"line":97,"column":50}},"97":{"start":{"line":98,"column":0},"end":{"line":98,"column":27}},"98":{"start":{"line":99,"column":0},"end":{"line":99,"column":56}},"99":{"start":{"line":100,"column":0},"end":{"line":100,"column":1}}},"s":{"0":1,"1":3,"3":3,"4":3,"5":3,"6":3,"7":3,"8":3,"9":3,"10":3,"11":3,"12":3,"13":3,"14":3,"15":3,"16":3,"17":3,"18":3,"19":3,"20":3,"21":3,"22":3,"23":3,"24":3,"25":3,"26":3,"27":3,"28":3,"29":3,"30":3,"31":3,"32":3,"33":3,"34":3,"35":3,"37":3,"38":3,"39":3,"40":3,"41":3,"42":3,"43":3,"44":3,"45":3,"46":3,"48":3,"49":3,"50":3,"51":3,"52":3,"53":3,"54":3,"55":3,"56":3,"57":3,"58":3,"59":3,"60":3,"61":3,"62":3,"63":3,"64":3,"65":3,"66":3,"67":3,"69":3,"70":3,"71":3,"72":3,"73":3,"74":3,"75":3,"76":3,"77":3,"78":3,"80":3,"81":3,"82":3,"83":3,"84":3,"85":3,"87":3,"89":3,"90":3,"91":3,"92":3,"93":3,"94":3,"96":1,"97":0,"98":0,"99":0},"branchMap":{"0":{"type":"branch","line":1,"loc":{"start":{"line":1,"column":31},"end":{"line":95,"column":1}},"locations":[{"start":{"line":1,"column":31},"end":{"line":95,"column":1}}]},"1":{"type":"branch","line":2,"loc":{"start":{"line":2,"column":59},"end":{"line":2,"column":71}},"locations":[{"start":{"line":2,"column":59},"end":{"line":2,"column":71}}]},"2":{"type":"branch","line":88,"loc":{"start":{"line":88,"column":40},"end":{"line":88,"column":67}},"locations":[{"start":{"line":88,"column":40},"end":{"line":88,"column":67}}]},"3":{"type":"branch","line":88,"loc":{"start":{"line":88,"column":68},"end":{"line":88,"column":87}},"locations":[{"start":{"line":88,"column":68},"end":{"line":88,"column":87}}]}},"b":{"0":[3],"1":[0],"2":[1],"3":[1]},"fnMap":{"0":{"name":"getErrorMessage","decl":{"start":{"line":1,"column":31},"end":{"line":95,"column":1}},"loc":{"start":{"line":1,"column":31},"end":{"line":95,"column":1}},"line":1},"1":{"name":"formatErrorMessage","decl":{"start":{"line":97,"column":34},"end":{"line":100,"column":1}},"loc":{"start":{"line":97,"column":34},"end":{"line":100,"column":1}},"line":97}},"f":{"0":3,"1":0}}
,"/home/mcecilialuna/Escritorio/PROMPT-ENGINEERING/procrastinant-app/src/utils/tokenManager.js": {"path":"/home/mcecilialuna/Escritorio/PROMPT-ENGINEERING/procrastinant-app/src/utils/tokenManager.js","all":true,"statementMap":{"0":{"start":{"line":1,"column":0},"end":{"line":1,"column":29}},"2":{"start":{"line":3,"column":0},"end":{"line":3,"column":37}},"3":{"start":{"line":4,"column":0},"end":{"line":4,"column":14}},"4":{"start":{"line":5,"column":0},"end":{"line":5,"column":9}},"5":{"start":{"line":6,"column":0},"end":{"line":6,"column":44}},"6":{"start":{"line":7,"column":0},"end":{"line":7,"column":21}},"7":{"start":{"line":8,"column":0},"end":{"line":8,"column":68}},"8":{"start":{"line":9,"column":0},"end":{"line":9,"column":5}},"9":{"start":{"line":10,"column":0},"end":{"line":10,"column":10}},"10":{"start":{"line":11,"column":0},"end":{"line":11,"column":72}},"11":{"start":{"line":12,"column":0},"end":{"line":12,"column":3}},"12":{"start":{"line":13,"column":0},"end":{"line":13,"column":1}},"14":{"start":{"line":15,"column":0},"end":{"line":15,"column":31}},"15":{"start":{"line":16,"column":0},"end":{"line":16,"column":40}},"16":{"start":{"line":17,"column":0},"end":{"line":17,"column":1}},"18":{"start":{"line":19,"column":0},"end":{"line":19,"column":34}},"19":{"start":{"line":20,"column":0},"end":{"line":20,"column":36}},"20":{"start":{"line":21,"column":0},"end":{"line":21,"column":1}},"22":{"start":{"line":23,"column":0},"end":{"line":23,"column":42}},"23":{"start":{"line":24,"column":0},"end":{"line":24,"column":25}},"25":{"start":{"line":26,"column":0},"end":{"line":26,"column":7}},"26":{"start":{"line":27,"column":0},"end":{"line":27,"column":57}},"28":{"start":{"line":29,"column":0},"end":{"line":29,"column":34}},"30":{"start":{"line":31,"column":0},"end":{"line":31,"column":41}},"32":{"start":{"line":33,"column":0},"end":{"line":33,"column":36}},"33":{"start":{"line":34,"column":0},"end":{"line":34,"column":19}},"34":{"start":{"line":35,"column":0},"end":{"line":35,"column":68}},"35":{"start":{"line":36,"column":0},"end":{"line":36,"column":15}},"36":{"start":{"line":37,"column":0},"end":{"line":37,"column":3}},"37":{"start":{"line":38,"column":0},"end":{"line":38,"column":1}},"39":{"start":{"line":40,"column":0},"end":{"line":40,"column":36}},"40":{"start":{"line":41,"column":0},"end":{"line":41,"column":26}},"42":{"start":{"line":43,"column":0},"end":{"line":43,"column":40}},"43":{"start":{"line":44,"column":0},"end":{"line":44,"column":17}},"44":{"start":{"line":45,"column":0},"end":{"line":45,"column":15}},"45":{"start":{"line":46,"column":0},"end":{"line":46,"column":3}},"47":{"start":{"line":48,"column":0},"end":{"line":48,"column":14}},"48":{"start":{"line":49,"column":0},"end":{"line":49,"column":1}}},"s":{"0":0,"2":0,"3":0,"4":0,"5":0,"6":0,"7":0,"8":0,"9":0,"10":0,"11":0,"12":0,"14":0,"15":0,"16":0,"18":0,"19":0,"20":0,"22":0,"23":0,"25":0,"26":0,"28":0,"30":0,"32":0,"33":0,"34":0,"35":0,"36":0,"37":0,"39":0,"40":0,"42":0,"43":0,"44":0,"45":0,"47":0,"48":0},"branchMap":{"0":{"type":"branch","line":1,"loc":{"start":{"line":1,"column":1004},"end":{"line":49,"column":1}},"locations":[{"start":{"line":1,"column":1004},"end":{"line":49,"column":1}}]}},"b":{"0":[0]},"fnMap":{"0":{"name":"(empty-report)","decl":{"start":{"line":1,"column":1004},"end":{"line":49,"column":1}},"loc":{"start":{"line":1,"column":1004},"end":{"line":49,"column":1}},"line":1}},"f":{"0":0}}
}
